[2025-04-28 10:38:56] Trial 0:
[2025-04-28 10:38:56] Weights: {'knn': 0.5372662541212748, 'rf': 0.25651830958393934, 'nn': 0.015799604793764223, 'tabnet': 0.19041583150102154}
[2025-04-28 10:38:56] Accuracy: 0.3554

[2025-04-28 10:38:56] Trial 1:
[2025-04-28 10:38:56] Weights: {'knn': 0.23759040929730177, 'rf': 0.3548232458881719, 'nn': 0.17205048219105337, 'tabnet': 0.23553586262347298}
[2025-04-28 10:38:56] Accuracy: 0.3735

[2025-04-28 10:38:56] Trial 2:
[2025-04-28 10:38:56] Weights: {'knn': 0.2781498472841417, 'rf': 0.4515411389551102, 'nn': 0.1499128956356049, 'tabnet': 0.12039611812514321}
[2025-04-28 10:38:56] Accuracy: 0.3692

[2025-04-28 10:38:56] Trial 3:
[2025-04-28 10:38:56] Weights: {'knn': 0.24920103864111162, 'rf': 0.01866349114129584, 'nn': 0.39176914184268197, 'tabnet': 0.3403663283749107}
[2025-04-28 10:38:56] Accuracy: 0.3718

[2025-04-28 10:38:56] Trial 4:
[2025-04-28 10:38:56] Weights: {'knn': 0.5458881447815412, 'rf': 0.10096263739321198, 'nn': 0.28449844954449904, 'tabnet': 0.0686507682807477}
[2025-04-28 10:38:56] Accuracy: 0.3554

[2025-04-28 10:38:56] Trial 5:
[2025-04-28 10:38:56] Weights: {'knn': 0.23988924791624222, 'rf': 0.3552746830114862, 'nn': 0.1922978117236964, 'tabnet': 0.2125382573485752}
[2025-04-28 10:38:56] Accuracy: 0.3735

[2025-04-28 10:38:56] Trial 6:
[2025-04-28 10:38:56] Weights: {'knn': 0.13195902536714296, 'rf': 0.02930778281720964, 'nn': 0.3480846584770299, 'tabnet': 0.49064853333861747}
[2025-04-28 10:38:56] Accuracy: 0.3726

[2025-04-28 10:38:56] Trial 7:
[2025-04-28 10:38:56] Weights: {'knn': 0.41765385337985733, 'rf': 0.15827545198087747, 'nn': 0.2188782604023392, 'tabnet': 0.20519243423692587}
[2025-04-28 10:38:56] Accuracy: 0.3701

[2025-04-28 10:38:56] Trial 8:
[2025-04-28 10:38:56] Weights: {'knn': 0.3423280885795844, 'rf': 0.1705844631106447, 'nn': 0.2763983164965914, 'tabnet': 0.2106891318131796}
[2025-04-28 10:38:56] Accuracy: 0.3752

[2025-04-28 10:38:56] Trial 9:
[2025-04-28 10:38:56] Weights: {'knn': 0.36259443684537496, 'rf': 0.07422592375975316, 'nn': 0.4123239311662976, 'tabnet': 0.15085570822857425}
[2025-04-28 10:38:56] Accuracy: 0.3683

[2025-04-28 10:38:56] Trial 10:
[2025-04-28 10:38:56] Weights: {'knn': 0.08197500214985359, 'rf': 0.25899067331206777, 'nn': 0.2976512312282085, 'tabnet': 0.3613830933098702}
[2025-04-28 10:38:56] Accuracy: 0.3744

[2025-04-28 10:38:56] Trial 11:
[2025-04-28 10:38:56] Weights: {'knn': 0.004220648003603542, 'rf': 0.28028856776559463, 'nn': 0.30542460322576837, 'tabnet': 0.41006618100503345}
[2025-04-28 10:38:56] Accuracy: 0.3726

[2025-04-28 10:38:56] Trial 12:
[2025-04-28 10:38:56] Weights: {'knn': 0.11270938010248667, 'rf': 0.22939461973655653, 'nn': 0.2787910172202601, 'tabnet': 0.3791049829406966}
[2025-04-28 10:38:56] Accuracy: 0.3744

[2025-04-28 10:38:56] Trial 13:
[2025-04-28 10:38:56] Weights: {'knn': 0.14912963730845874, 'rf': 0.2039374231021909, 'nn': 0.3042783302101861, 'tabnet': 0.34265460937916425}
[2025-04-28 10:38:56] Accuracy: 0.3735

[2025-04-28 10:38:56] Trial 14:
[2025-04-28 10:38:56] Weights: {'knn': 0.24171388254718734, 'rf': 0.2292361220533832, 'nn': 0.3164950879045216, 'tabnet': 0.21255490749490794}
[2025-04-28 10:38:56] Accuracy: 0.3718

[2025-04-28 10:38:56] Trial 15:
[2025-04-28 10:38:56] Weights: {'knn': 0.005567713469255538, 'rf': 0.23891229171455244, 'nn': 0.16084858964358492, 'tabnet': 0.5946714051726071}
[2025-04-28 10:38:56] Accuracy: 0.3701

[2025-04-28 10:38:56] Trial 16:
[2025-04-28 10:38:56] Weights: {'knn': 0.33990661842307124, 'rf': 0.36400905930581956, 'nn': 0.2933290246087621, 'tabnet': 0.0027552976623471956}
[2025-04-28 10:38:56] Accuracy: 0.3709

[2025-04-28 10:38:56] Trial 17:
[2025-04-28 10:38:56] Weights: {'knn': 0.1950135565831947, 'rf': 0.2836455897523601, 'nn': 0.4133224456911278, 'tabnet': 0.10801840797331723}
[2025-04-28 10:38:56] Accuracy: 0.3683

[2025-04-28 10:38:56] Trial 18:
[2025-04-28 10:38:56] Weights: {'knn': 0.05478126700420279, 'rf': 0.34952537526223926, 'nn': 0.2980328778149657, 'tabnet': 0.29766047991859224}
[2025-04-28 10:38:56] Accuracy: 0.3709

[2025-04-28 10:38:57] Trial 19:
[2025-04-28 10:38:57] Weights: {'knn': 0.3118359090644433, 'rf': 0.1454675814409779, 'nn': 0.2699084660931483, 'tabnet': 0.27278804340143065}
[2025-04-28 10:38:57] Accuracy: 0.3726

[2025-04-28 10:38:57] Trial 20:
[2025-04-28 10:38:57] Weights: {'knn': 0.29772334641483295, 'rf': 0.15445964434901857, 'nn': 0.22889861886208138, 'tabnet': 0.318918390374067}
[2025-04-28 10:38:57] Accuracy: 0.3735

[2025-04-28 10:38:57] Trial 21:
[2025-04-28 10:38:57] Weights: {'knn': 0.09356318705118384, 'rf': 0.2234282307299807, 'nn': 0.3048533221804517, 'tabnet': 0.3781552600383838}
[2025-04-28 10:38:57] Accuracy: 0.3744

[2025-04-28 10:38:57] Trial 22:
[2025-04-28 10:38:57] Weights: {'knn': 0.11254774229006152, 'rf': 0.26205167106636146, 'nn': 0.2512793708255566, 'tabnet': 0.37412121581802044}
[2025-04-28 10:38:57] Accuracy: 0.3718

[2025-04-28 10:38:57] Trial 23:
[2025-04-28 10:38:57] Weights: {'knn': 0.04857468512504397, 'rf': 0.2523078233908041, 'nn': 0.33348474024926134, 'tabnet': 0.3656327512348907}
[2025-04-28 10:38:57] Accuracy: 0.3744

[2025-04-28 10:38:57] Trial 24:
[2025-04-28 10:38:57] Weights: {'knn': 0.18645416457632286, 'rf': 0.18814487263737995, 'nn': 0.246418837146407, 'tabnet': 0.37898212563989025}
[2025-04-28 10:38:57] Accuracy: 0.3744

[2025-04-28 10:38:57] Trial 25:
[2025-04-28 10:38:57] Weights: {'knn': 0.13081763833337026, 'rf': 0.2399467023188744, 'nn': 0.35493908948950753, 'tabnet': 0.2742965698582477}
[2025-04-28 10:38:57] Accuracy: 0.3718

[2025-04-28 10:38:57] Trial 26:
[2025-04-28 10:38:57] Weights: {'knn': 0.033686295769436145, 'rf': 0.2665983247081025, 'nn': 0.3765006160788588, 'tabnet': 0.32321476344360245}
[2025-04-28 10:38:57] Accuracy: 0.3752

[2025-04-28 10:38:57] Trial 27:
[2025-04-28 10:38:57] Weights: {'knn': 0.03403850357696055, 'rf': 0.3030524884320741, 'nn': 0.3650122445310487, 'tabnet': 0.2978967634599166}
[2025-04-28 10:38:57] Accuracy: 0.3752

[2025-04-28 10:38:57] Trial 28:
[2025-04-28 10:38:57] Weights: {'knn': 0.03054964265108848, 'rf': 0.30282864756337796, 'nn': 0.3820355388614201, 'tabnet': 0.2845861709241134}
[2025-04-28 10:38:57] Accuracy: 0.3752

[2025-04-28 10:38:57] Trial 29:
[2025-04-28 10:38:57] Weights: {'knn': 0.28700857784436545, 'rf': 0.35800832332992577, 'nn': 0.0029484990218880693, 'tabnet': 0.35203459980382057}
[2025-04-28 10:38:57] Accuracy: 0.3701

[2025-04-28 10:38:57] Trial 30:
[2025-04-28 10:38:57] Weights: {'knn': 0.09390972465930446, 'rf': 0.4871312773584584, 'nn': 0.14181208325188252, 'tabnet': 0.2771469147303546}
[2025-04-28 10:38:57] Accuracy: 0.3692

[2025-04-28 10:38:57] Trial 31:
[2025-04-28 10:38:57] Weights: {'knn': 0.03668713107546114, 'rf': 0.30156046384911056, 'nn': 0.3793034196652524, 'tabnet': 0.282448985410176}
[2025-04-28 10:38:57] Accuracy: 0.3752

[2025-04-28 10:38:57] Trial 32:
[2025-04-28 10:38:57] Weights: {'knn': 0.027305900005593187, 'rf': 0.33443245071623373, 'nn': 0.40435979585218473, 'tabnet': 0.23390185342598838}
[2025-04-28 10:38:57] Accuracy: 0.3752

[2025-04-28 10:38:57] Trial 33:
[2025-04-28 10:38:57] Weights: {'knn': 0.05581719388963788, 'rf': 0.33561973099917164, 'nn': 0.32320798709809506, 'tabnet': 0.28535508801309545}
[2025-04-28 10:38:57] Accuracy: 0.3709

[2025-04-28 10:38:57] Trial 34:
[2025-04-28 10:38:57] Weights: {'knn': 0.01973915859387137, 'rf': 0.3693278632427144, 'nn': 0.4019070232233211, 'tabnet': 0.20902595494009313}
[2025-04-28 10:38:57] Accuracy: 0.3752

[2025-04-28 10:38:57] Trial 35:
[2025-04-28 10:38:57] Weights: {'knn': 0.25168991619870734, 'rf': 0.22822343954764238, 'nn': 0.311574150230535, 'tabnet': 0.20851249402311522}
[2025-04-28 10:38:57] Accuracy: 0.3718

[2025-04-28 10:38:57] Trial 36:
[2025-04-28 10:38:57] Weights: {'knn': 0.06827754258161724, 'rf': 0.36742273979712337, 'nn': 0.3456615957530332, 'tabnet': 0.2186381218682262}
[2025-04-28 10:38:57] Accuracy: 0.3701

[2025-04-28 10:38:57] Trial 37:
[2025-04-28 10:38:57] Weights: {'knn': 0.1840275673061626, 'rf': 0.18656339744342357, 'nn': 0.4584045536767162, 'tabnet': 0.17100448157369746}
[2025-04-28 10:38:57] Accuracy: 0.3718

[2025-04-28 10:38:57] Trial 38:
[2025-04-28 10:38:57] Weights: {'knn': 0.16766428775783418, 'rf': 0.28884623538647497, 'nn': 0.27872520024723246, 'tabnet': 0.26476427660845836}
[2025-04-28 10:38:57] Accuracy: 0.3709

[2025-04-28 10:38:57] Trial 39:
[2025-04-28 10:38:57] Weights: {'knn': 0.17449920010772976, 'rf': 0.19327861351447573, 'nn': 0.2744548046693228, 'tabnet': 0.3577673817084718}
[2025-04-28 10:38:57] Accuracy: 0.3735

[2025-04-28 10:38:57] Trial 40:
[2025-04-28 10:38:57] Weights: {'knn': 0.428789628896258, 'rf': 0.21977689986117052, 'nn': 0.05606991714850809, 'tabnet': 0.29536355409406345}
[2025-04-28 10:38:57] Accuracy: 0.3735

[2025-04-28 10:38:57] Trial 41:
[2025-04-28 10:38:57] Weights: {'knn': 0.04870580074885956, 'rf': 0.3014536703065139, 'nn': 0.371107848277553, 'tabnet': 0.2787326806670735}
[2025-04-28 10:38:57] Accuracy: 0.3752

[2025-04-28 10:38:57] Trial 42:
[2025-04-28 10:38:57] Weights: {'knn': 0.0318228054478617, 'rf': 0.27226125427301656, 'nn': 0.39203181578949803, 'tabnet': 0.3038841244896237}
[2025-04-28 10:38:57] Accuracy: 0.3752

[2025-04-28 10:38:57] Trial 43:
[2025-04-28 10:38:57] Weights: {'knn': 0.06193990382683528, 'rf': 0.332474372075385, 'nn': 0.4166348906442835, 'tabnet': 0.18895083345349628}
[2025-04-28 10:38:57] Accuracy: 0.3752

[2025-04-28 10:38:57] Trial 44:
[2025-04-28 10:38:57] Weights: {'knn': 0.019021087407605105, 'rf': 0.3489948142938161, 'nn': 0.3669254390133633, 'tabnet': 0.2650586592852155}
[2025-04-28 10:38:57] Accuracy: 0.3718

[2025-04-28 10:38:57] Trial 45:
[2025-04-28 10:38:57] Weights: {'knn': 0.2743126176524897, 'rf': 0.24886424514508743, 'nn': 0.28216645259211715, 'tabnet': 0.1946566846103056}
[2025-04-28 10:38:57] Accuracy: 0.3744

[2025-04-28 10:38:57] Trial 46:
[2025-04-28 10:38:57] Weights: {'knn': 0.0894427222142644, 'rf': 0.25500722576876544, 'nn': 0.2770533253541009, 'tabnet': 0.3784967266628693}
[2025-04-28 10:38:57] Accuracy: 0.3726

[2025-04-28 10:38:57] Trial 47:
[2025-04-28 10:38:57] Weights: {'knn': 0.002069072803194489, 'rf': 0.32393441143424806, 'nn': 0.37234140565763985, 'tabnet': 0.30165511010491763}
[2025-04-28 10:38:57] Accuracy: 0.3752

[2025-04-28 10:38:57] Trial 48:
[2025-04-28 10:38:57] Weights: {'knn': 0.31668500390610005, 'rf': 0.06392408056339258, 'nn': 0.23862486235947758, 'tabnet': 0.3807660531710297}
[2025-04-28 10:38:57] Accuracy: 0.3744

[2025-04-28 10:38:57] Trial 49:
[2025-04-28 10:38:57] Weights: {'knn': 0.3066795074017326, 'rf': 0.26335645815403813, 'nn': 0.3176819724919944, 'tabnet': 0.11228206195223489}
[2025-04-28 10:38:57] Accuracy: 0.3744

[2025-04-28 10:38:57] Trial 50:
[2025-04-28 10:38:57] Weights: {'knn': 0.0970782462098045, 'rf': 0.22325359752627233, 'nn': 0.2989767499578597, 'tabnet': 0.38069140630606346}
[2025-04-28 10:38:57] Accuracy: 0.3744

[2025-04-28 10:38:57] Trial 51:
[2025-04-28 10:38:57] Weights: {'knn': 0.02145720209741663, 'rf': 0.3286562103128586, 'nn': 0.40764856469900224, 'tabnet': 0.2422380228907225}
[2025-04-28 10:38:57] Accuracy: 0.3752

[2025-04-28 10:38:57] Trial 52:
[2025-04-28 10:38:57] Weights: {'knn': 0.02130327803311963, 'rf': 0.3415036437656721, 'nn': 0.41559536120124724, 'tabnet': 0.22159771699996092}
[2025-04-28 10:38:57] Accuracy: 0.3752

[2025-04-28 10:38:57] Trial 53:
[2025-04-28 10:38:57] Weights: {'knn': 0.03213132831194033, 'rf': 0.36917072065490236, 'nn': 0.35328863407184696, 'tabnet': 0.2454093169613103}
[2025-04-28 10:38:57] Accuracy: 0.3701

[2025-04-28 10:38:57] Trial 54:
[2025-04-28 10:38:57] Weights: {'knn': 0.05492183134621115, 'rf': 0.3557677235175837, 'nn': 0.3588345252059258, 'tabnet': 0.23047591993027933}
[2025-04-28 10:38:57] Accuracy: 0.3718

[2025-04-28 10:38:57] Trial 55:
[2025-04-28 10:38:57] Weights: {'knn': 0.11414676787839, 'rf': 0.3116000032840539, 'nn': 0.3641628894935399, 'tabnet': 0.21009033934401622}
[2025-04-28 10:38:57] Accuracy: 0.3718

[2025-04-28 10:38:57] Trial 56:
[2025-04-28 10:38:57] Weights: {'knn': 0.07929560294504774, 'rf': 0.24583324553417915, 'nn': 0.3604011325091391, 'tabnet': 0.31447001901163396}
[2025-04-28 10:38:57] Accuracy: 0.3752

[2025-04-28 10:38:57] Trial 57:
[2025-04-28 10:38:57] Weights: {'knn': 0.052116371183971374, 'rf': 0.41022231086894506, 'nn': 0.2768323564274483, 'tabnet': 0.2608289615196352}
[2025-04-28 10:38:57] Accuracy: 0.3683

[2025-04-28 10:38:57] Trial 58:
[2025-04-28 10:38:57] Weights: {'knn': 0.11625287644194855, 'rf': 0.26752362051685014, 'nn': 0.3119199327959601, 'tabnet': 0.30430357024524124}
[2025-04-28 10:38:57] Accuracy: 0.3718

[2025-04-28 10:38:57] Trial 59:
[2025-04-28 10:38:57] Weights: {'knn': 0.264599663915003, 'rf': 0.11658763188278924, 'nn': 0.31500682038654637, 'tabnet': 0.30380588381566137}
[2025-04-28 10:38:57] Accuracy: 0.3718

[2025-04-28 10:38:57] Trial 60:
[2025-04-28 10:38:57] Weights: {'knn': 0.22307792046504876, 'rf': 0.22562718509137183, 'nn': 0.2974853826157545, 'tabnet': 0.2538095118278248}
[2025-04-28 10:38:57] Accuracy: 0.3718

[2025-04-28 10:38:57] Trial 61:
[2025-04-28 10:38:57] Weights: {'knn': 0.003538574987818363, 'rf': 0.37626174155956654, 'nn': 0.40089103812635896, 'tabnet': 0.21930864532625616}
[2025-04-28 10:38:57] Accuracy: 0.3752

[2025-04-28 10:38:57] Trial 62:
[2025-04-28 10:38:57] Weights: {'knn': 0.019745656795237494, 'rf': 0.34674358516539694, 'nn': 0.4053521020352219, 'tabnet': 0.22815865600414376}
[2025-04-28 10:38:57] Accuracy: 0.3752

[2025-04-28 10:38:57] Trial 63:
[2025-04-28 10:38:57] Weights: {'knn': 0.04736799333358912, 'rf': 0.37258770455350115, 'nn': 0.3895256135647976, 'tabnet': 0.19051868854811219}
[2025-04-28 10:38:57] Accuracy: 0.3718

[2025-04-28 10:38:57] Trial 64:
[2025-04-28 10:38:57] Weights: {'knn': 0.025471410057742016, 'rf': 0.37459853306935603, 'nn': 0.4043513057352841, 'tabnet': 0.19557875113761786}
[2025-04-28 10:38:57] Accuracy: 0.3752

[2025-04-28 10:38:58] Trial 65:
[2025-04-28 10:38:58] Weights: {'knn': 0.06624051721395822, 'rf': 0.26382515974355397, 'nn': 0.42997354939808374, 'tabnet': 0.23996077364440407}
[2025-04-28 10:38:58] Accuracy: 0.3752

[2025-04-28 10:38:58] Trial 66:
[2025-04-28 10:38:58] Weights: {'knn': 0.07842679465640122, 'rf': 0.31068343265646386, 'nn': 0.3197115126049532, 'tabnet': 0.29117826008218173}
[2025-04-28 10:38:58] Accuracy: 0.3718

[2025-04-28 10:38:58] Trial 67:
[2025-04-28 10:38:58] Weights: {'knn': 0.18022395955423678, 'rf': 0.3625258339798857, 'nn': 0.3445734882703329, 'tabnet': 0.11267671819554465}
[2025-04-28 10:38:58] Accuracy: 0.3726

[2025-04-28 10:38:58] Trial 68:
[2025-04-28 10:38:58] Weights: {'knn': 0.04892174667718691, 'rf': 0.4116534759954772, 'nn': 0.44303625680507824, 'tabnet': 0.0963885205222576}
[2025-04-28 10:38:58] Accuracy: 0.3718

[2025-04-28 10:38:58] Trial 69:
[2025-04-28 10:38:58] Weights: {'knn': 0.016238445091947815, 'rf': 0.5016851504650283, 'nn': 0.13706995400084854, 'tabnet': 0.34500645044217526}
[2025-04-28 10:38:58] Accuracy: 0.3666

[2025-04-28 10:38:58] Trial 70:
[2025-04-28 10:38:58] Weights: {'knn': 0.25838459191373725, 'rf': 0.2809856821550544, 'nn': 0.20912940844871897, 'tabnet': 0.2515003174824894}
[2025-04-28 10:38:58] Accuracy: 0.3735

[2025-04-28 10:38:58] Trial 71:
[2025-04-28 10:38:58] Weights: {'knn': 0.050490837305096514, 'rf': 0.30128048459673257, 'nn': 0.37297945288351203, 'tabnet': 0.27524922521465894}
[2025-04-28 10:38:58] Accuracy: 0.3752

[2025-04-28 10:38:58] Trial 72:
[2025-04-28 10:38:58] Weights: {'knn': 0.04808342218740444, 'rf': 0.3020085978505749, 'nn': 0.38630771460702595, 'tabnet': 0.26360026535499476}
[2025-04-28 10:38:58] Accuracy: 0.3752

[2025-04-28 10:38:58] Trial 73:
[2025-04-28 10:38:58] Weights: {'knn': 0.05218133096954493, 'rf': 0.301095557178994, 'nn': 0.3543178959731293, 'tabnet': 0.2924052158783318}
[2025-04-28 10:38:58] Accuracy: 0.3752

[2025-04-28 10:38:58] Trial 74:
[2025-04-28 10:38:58] Weights: {'knn': 0.027914113739608695, 'rf': 0.28258323669655033, 'nn': 0.35614462445756223, 'tabnet': 0.3333580251062787}
[2025-04-28 10:38:58] Accuracy: 0.3752

[2025-04-28 10:38:58] Trial 75:
[2025-04-28 10:38:58] Weights: {'knn': 0.01157029706601408, 'rf': 0.340778894695492, 'nn': 0.33696117482819976, 'tabnet': 0.3106896334102941}
[2025-04-28 10:38:58] Accuracy: 0.3701

[2025-04-28 10:38:58] Trial 76:
[2025-04-28 10:38:58] Weights: {'knn': 0.072895987928803, 'rf': 0.24996660095057327, 'nn': 0.4074058491063187, 'tabnet': 0.26973156201430504}
[2025-04-28 10:38:58] Accuracy: 0.3752

[2025-04-28 10:38:58] Trial 77:
[2025-04-28 10:38:58] Weights: {'knn': 0.1938749790675708, 'rf': 0.30626311718245536, 'nn': 0.315444896138094, 'tabnet': 0.1844170076118798}
[2025-04-28 10:38:58] Accuracy: 0.3744

[2025-04-28 10:38:58] Trial 78:
[2025-04-28 10:38:58] Weights: {'knn': 0.32762315907587997, 'rf': 0.27482883691980775, 'nn': 0.2829509058697128, 'tabnet': 0.11459709813459949}
[2025-04-28 10:38:58] Accuracy: 0.3752

[2025-04-28 10:38:58] Trial 79:
[2025-04-28 10:38:58] Weights: {'knn': 0.15259817357454572, 'rf': 0.2377520403626986, 'nn': 0.5942315898765939, 'tabnet': 0.015418196186161809}
[2025-04-28 10:38:58] Accuracy: 0.3735

[2025-04-28 10:38:58] Trial 80:
[2025-04-28 10:38:58] Weights: {'knn': 0.03868445645381994, 'rf': 0.2604589160822135, 'nn': 0.4058078777049516, 'tabnet': 0.29504874975901507}
[2025-04-28 10:38:58] Accuracy: 0.3752

[2025-04-28 10:38:58] Trial 81:
[2025-04-28 10:38:58] Weights: {'knn': 0.026006734810359578, 'rf': 0.27915826146081424, 'nn': 0.3713831005825052, 'tabnet': 0.32345190314632105}
[2025-04-28 10:38:58] Accuracy: 0.3752

[2025-04-28 10:38:58] Trial 82:
[2025-04-28 10:38:58] Weights: {'knn': 0.0038253288257719758, 'rf': 0.28853175585859836, 'nn': 0.29806347103081704, 'tabnet': 0.4095794442848127}
[2025-04-28 10:38:58] Accuracy: 0.3726

[2025-04-28 10:38:58] Trial 83:
[2025-04-28 10:38:58] Weights: {'knn': 0.03153719304165336, 'rf': 0.2804285572588889, 'nn': 0.37555473919029086, 'tabnet': 0.31247951050916684}
[2025-04-28 10:38:58] Accuracy: 0.3752

[2025-04-28 10:38:58] Trial 84:
[2025-04-28 10:38:58] Weights: {'knn': 0.057846688472245084, 'rf': 0.28325098542878907, 'nn': 0.47515212256056505, 'tabnet': 0.18375020353840074}
[2025-04-28 10:38:58] Accuracy: 0.3718

[2025-04-28 10:38:58] Trial 85:
[2025-04-28 10:38:58] Weights: {'knn': 0.06546349569448573, 'rf': 0.2977830523331516, 'nn': 0.3719709010481303, 'tabnet': 0.2647825509242323}
[2025-04-28 10:38:58] Accuracy: 0.3752

[2025-04-28 10:38:58] Trial 86:
[2025-04-28 10:38:58] Weights: {'knn': 0.017048336505051453, 'rf': 0.49661527050852317, 'nn': 0.051784728000040116, 'tabnet': 0.43455166498638526}
[2025-04-28 10:38:58] Accuracy: 0.3692

[2025-04-28 10:38:58] Trial 87:
[2025-04-28 10:38:58] Weights: {'knn': 0.045654249994314965, 'rf': 0.373085007752485, 'nn': 0.16504951904453163, 'tabnet': 0.4162112232086683}
[2025-04-28 10:38:58] Accuracy: 0.3718

[2025-04-28 10:38:58] Trial 88:
[2025-04-28 10:38:58] Weights: {'knn': 0.08602455501155942, 'rf': 0.2281614441842281, 'nn': 0.39784309333768747, 'tabnet': 0.28797090746652504}
[2025-04-28 10:38:58] Accuracy: 0.3752

[2025-04-28 10:38:58] Trial 89:
[2025-04-28 10:38:58] Weights: {'knn': 0.07417446258062521, 'rf': 0.12033755121417733, 'nn': 0.46876669456845993, 'tabnet': 0.33672129163673753}
[2025-04-28 10:38:58] Accuracy: 0.3718

[2025-04-28 10:38:58] Trial 90:
[2025-04-28 10:38:58] Weights: {'knn': 0.027560936760272776, 'rf': 0.34805412808904773, 'nn': 0.4102984674319371, 'tabnet': 0.21408646771874232}
[2025-04-28 10:38:58] Accuracy: 0.3752

[2025-04-28 10:38:58] Trial 91:
[2025-04-28 10:38:58] Weights: {'knn': 0.07344174027049319, 'rf': 0.38999258683651006, 'nn': 0.30606643112056975, 'tabnet': 0.23049924177242695}
[2025-04-28 10:38:58] Accuracy: 0.3683

[2025-04-28 10:38:58] Trial 92:
[2025-04-28 10:38:58] Weights: {'knn': 0.04369623527808292, 'rf': 0.3524783011955321, 'nn': 0.3957450446401271, 'tabnet': 0.20808041888625786}
[2025-04-28 10:38:58] Accuracy: 0.3718

[2025-04-28 10:38:58] Trial 93:
[2025-04-28 10:38:58] Weights: {'knn': 0.018326120558114566, 'rf': 0.31686712789456467, 'nn': 0.44396797470672056, 'tabnet': 0.22083877684060021}
[2025-04-28 10:38:58] Accuracy: 0.3752

[2025-04-28 10:38:58] Trial 94:
[2025-04-28 10:38:58] Weights: {'knn': 0.06581769679023469, 'rf': 0.27327079790281206, 'nn': 0.34164321157848143, 'tabnet': 0.3192682937284717}
[2025-04-28 10:38:58] Accuracy: 0.3752

[2025-04-28 10:38:58] Trial 95:
[2025-04-28 10:38:58] Weights: {'knn': 0.14632941370671565, 'rf': 0.27128610160408184, 'nn': 0.31165702694825453, 'tabnet': 0.2707274577409479}
[2025-04-28 10:38:58] Accuracy: 0.3718

[2025-04-28 10:38:58] Trial 96:
[2025-04-28 10:38:58] Weights: {'knn': 0.028087419205026002, 'rf': 0.29831358547240167, 'nn': 0.3859412922723309, 'tabnet': 0.28765770305024146}
[2025-04-28 10:38:58] Accuracy: 0.3752

[2025-04-28 10:38:58] Trial 97:
[2025-04-28 10:38:58] Weights: {'knn': 0.057544936327201555, 'rf': 0.2402417877128087, 'nn': 0.4962907951306629, 'tabnet': 0.20592248082932688}
[2025-04-28 10:38:58] Accuracy: 0.3718

[2025-04-28 10:38:58] Trial 98:
[2025-04-28 10:38:58] Weights: {'knn': 0.367936776651614, 'rf': 0.00442192346452732, 'nn': 0.40937744264994363, 'tabnet': 0.2182638572339151}
[2025-04-28 10:38:58] Accuracy: 0.3718

[2025-04-28 10:38:58] Trial 99:
[2025-04-28 10:38:58] Weights: {'knn': 0.0012734678415129684, 'rf': 0.36678800836995296, 'nn': 0.4017291316034508, 'tabnet': 0.23020939218508338}
[2025-04-28 10:38:58] Accuracy: 0.3752

[2025-04-28 10:38:58] 
Best trial:
[2025-04-28 10:38:58] Value: 0.3752
[2025-04-28 10:38:58] Params: {'knn_weight': 0.7255808848609904, 'rf_weight': 0.3615619921839509, 'nn_weight': 0.5858395549422208, 'tabnet_weight': 0.4465657706497579}
