[2025-04-28 10:38:51] Trial 0:
[2025-04-28 10:38:51] Weights: {'knn': 0.06987710539049824, 'rf': 0.033136480529123706, 'nn': 0.5549318367281738, 'tabnet': 0.3420545773522043}
[2025-04-28 10:38:51] Accuracy: 0.3735

[2025-04-28 10:38:51] Trial 1:
[2025-04-28 10:38:51] Weights: {'knn': 0.4298807213173416, 'rf': 0.11078699320101658, 'nn': 0.41760692422199186, 'tabnet': 0.0417253612596499}
[2025-04-28 10:38:51] Accuracy: 0.3718

[2025-04-28 10:38:51] Trial 2:
[2025-04-28 10:38:51] Weights: {'knn': 0.2915301775003175, 'rf': 0.48733573989393847, 'nn': 0.08760008361839741, 'tabnet': 0.13353399898734658}
[2025-04-28 10:38:51] Accuracy: 0.3692

[2025-04-28 10:38:51] Trial 3:
[2025-04-28 10:38:51] Weights: {'knn': 0.02453411796127569, 'rf': 0.3397202004707057, 'nn': 0.24135514035720942, 'tabnet': 0.39439054121080913}
[2025-04-28 10:38:51] Accuracy: 0.3726

[2025-04-28 10:38:51] Trial 4:
[2025-04-28 10:38:51] Weights: {'knn': 0.18068131576957527, 'rf': 0.20876607782345952, 'nn': 0.398088175774713, 'tabnet': 0.2124644306322523}
[2025-04-28 10:38:51] Accuracy: 0.3752

[2025-04-28 10:38:51] Trial 5:
[2025-04-28 10:38:51] Weights: {'knn': 0.24232552849058406, 'rf': 0.3621194996120525, 'nn': 0.05741060999736131, 'tabnet': 0.3381443619000022}
[2025-04-28 10:38:51] Accuracy: 0.3718

[2025-04-28 10:38:51] Trial 6:
[2025-04-28 10:38:51] Weights: {'knn': 0.15357788705144254, 'rf': 0.20657540928390844, 'nn': 0.34968313095468795, 'tabnet': 0.2901635727099611}
[2025-04-28 10:38:51] Accuracy: 0.3718

[2025-04-28 10:38:51] Trial 7:
[2025-04-28 10:38:51] Weights: {'knn': 0.325117370039464, 'rf': 0.3022526159292046, 'nn': 0.18916445967413417, 'tabnet': 0.18346555435719733}
[2025-04-28 10:38:51] Accuracy: 0.3752

[2025-04-28 10:38:51] Trial 8:
[2025-04-28 10:38:51] Weights: {'knn': 0.4046118101076917, 'rf': 0.10999345367880341, 'nn': 0.02319720381834404, 'tabnet': 0.4621975323951607}
[2025-04-28 10:38:51] Accuracy: 0.3744

[2025-04-28 10:38:51] Trial 9:
[2025-04-28 10:38:51] Weights: {'knn': 0.09724532799709375, 'rf': 0.316311488790667, 'nn': 0.3244509581553938, 'tabnet': 0.26199222505684533}
[2025-04-28 10:38:51] Accuracy: 0.3718

[2025-04-28 10:38:51] Trial 10:
[2025-04-28 10:38:51] Weights: {'knn': 0.18958593114752215, 'rf': 0.200773255136959, 'nn': 0.4122614459085967, 'tabnet': 0.1973793678069222}
[2025-04-28 10:38:51] Accuracy: 0.3718

[2025-04-28 10:38:51] Trial 11:
[2025-04-28 10:38:51] Weights: {'knn': 0.30488103916618087, 'rf': 0.30863637807097033, 'nn': 0.15418046451219844, 'tabnet': 0.23230211825065034}
[2025-04-28 10:38:51] Accuracy: 0.3735

[2025-04-28 10:38:51] Trial 12:
[2025-04-28 10:38:51] Weights: {'knn': 0.1668586480489128, 'rf': 0.2296511350684996, 'nn': 0.3838503988077071, 'tabnet': 0.21963981807488042}
[2025-04-28 10:38:51] Accuracy: 0.3718

[2025-04-28 10:38:51] Trial 13:
[2025-04-28 10:38:51] Weights: {'knn': 0.276703368529317, 'rf': 0.3161924323964369, 'nn': 0.13730603128570204, 'tabnet': 0.26979816778854404}
[2025-04-28 10:38:51] Accuracy: 0.3735

[2025-04-28 10:38:51] Trial 14:
[2025-04-28 10:38:51] Weights: {'knn': 0.4074771303640171, 'rf': 0.17153603132885162, 'nn': 0.3051557132906039, 'tabnet': 0.11583112501652744}
[2025-04-28 10:38:51] Accuracy: 0.3718

[2025-04-28 10:38:51] Trial 15:
[2025-04-28 10:38:51] Weights: {'knn': 0.23338935923030013, 'rf': 0.40831096564807673, 'nn': 0.2912836406046751, 'tabnet': 0.06701603451694804}
[2025-04-28 10:38:51] Accuracy: 0.3709

[2025-04-28 10:38:51] Trial 16:
[2025-04-28 10:38:51] Weights: {'knn': 0.24343105068125245, 'rf': 0.3004614050404377, 'nn': 0.2512850786855052, 'tabnet': 0.2048224655928046}
[2025-04-28 10:38:51] Accuracy: 0.3735

[2025-04-28 10:38:51] Trial 17:
[2025-04-28 10:38:51] Weights: {'knn': 0.15030220390175614, 'rf': 0.36194610052457743, 'nn': 0.23634878816745541, 'tabnet': 0.25140290740621096}
[2025-04-28 10:38:51] Accuracy: 0.3735

[2025-04-28 10:38:51] Trial 18:
[2025-04-28 10:38:51] Weights: {'knn': 0.2788814395263321, 'rf': 0.4974999020943796, 'nn': 0.12338559633732503, 'tabnet': 0.10023306204196325}
[2025-04-28 10:38:51] Accuracy: 0.3692

[2025-04-28 10:38:51] Trial 19:
[2025-04-28 10:38:51] Weights: {'knn': 0.3292038263049817, 'rf': 0.18459832648421598, 'nn': 0.2258558500412842, 'tabnet': 0.2603419971695182}
[2025-04-28 10:38:51] Accuracy: 0.3752

[2025-04-28 10:38:51] Trial 20:
[2025-04-28 10:38:51] Weights: {'knn': 0.2279063534617993, 'rf': 0.1578254703786219, 'nn': 0.4283828925947032, 'tabnet': 0.18588528356487555}
[2025-04-28 10:38:51] Accuracy: 0.3718

[2025-04-28 10:38:51] Trial 21:
[2025-04-28 10:38:51] Weights: {'knn': 0.3347925234101356, 'rf': 0.1868512862828513, 'nn': 0.2217578609889661, 'tabnet': 0.256598329318047}
[2025-04-28 10:38:51] Accuracy: 0.3752

[2025-04-28 10:38:51] Trial 22:
[2025-04-28 10:38:51] Weights: {'knn': 0.31003921172967686, 'rf': 0.16247410744307536, 'nn': 0.3377448799799561, 'tabnet': 0.18974180084729178}
[2025-04-28 10:38:51] Accuracy: 0.3718

[2025-04-28 10:38:51] Trial 23:
[2025-04-28 10:38:51] Weights: {'knn': 0.26728620834679123, 'rf': 0.2528891356527413, 'nn': 0.19491376119921455, 'tabnet': 0.2849108948012529}
[2025-04-28 10:38:51] Accuracy: 0.3761

[2025-04-28 10:38:51] Trial 24:
[2025-04-28 10:38:51] Weights: {'knn': 0.25432123775847537, 'rf': 0.2863275969603182, 'nn': 0.17234131068563402, 'tabnet': 0.2870098545955725}
[2025-04-28 10:38:51] Accuracy: 0.3761

[2025-04-28 10:38:51] Trial 25:
[2025-04-28 10:38:51] Weights: {'knn': 0.24070150087068531, 'rf': 0.24880634856279885, 'nn': 0.1618180306874548, 'tabnet': 0.3486741198790611}
[2025-04-28 10:38:51] Accuracy: 0.3735

[2025-04-28 10:38:51] Trial 26:
[2025-04-28 10:38:51] Weights: {'knn': 0.23624087355985715, 'rf': 0.3090458357254447, 'nn': 0.112173760773515, 'tabnet': 0.34253952994118314}
[2025-04-28 10:38:51] Accuracy: 0.3761

[2025-04-28 10:38:51] Trial 27:
[2025-04-28 10:38:51] Weights: {'knn': 0.23731494571861983, 'rf': 0.3083965761467906, 'nn': 0.11718010894214809, 'tabnet': 0.3371083691924415}
[2025-04-28 10:38:51] Accuracy: 0.3761

[2025-04-28 10:38:51] Trial 28:
[2025-04-28 10:38:51] Weights: {'knn': 0.31656616492208217, 'rf': 0.26404252406388345, 'nn': 0.08927653441584964, 'tabnet': 0.33011477659818483}
[2025-04-28 10:38:51] Accuracy: 0.3761

[2025-04-28 10:38:52] Trial 29:
[2025-04-28 10:38:52] Weights: {'knn': 0.27049222567217157, 'rf': 0.018842376027779016, 'nn': 0.3052023807913968, 'tabnet': 0.4054630175086526}
[2025-04-28 10:38:52] Accuracy: 0.3744

[2025-04-28 10:38:52] Trial 30:
[2025-04-28 10:38:52] Weights: {'knn': 0.2389362552027973, 'rf': 0.28346504108641857, 'nn': 0.1449977832292917, 'tabnet': 0.3326009204814925}
[2025-04-28 10:38:52] Accuracy: 0.3761

[2025-04-28 10:38:52] Trial 31:
[2025-04-28 10:38:52] Weights: {'knn': 0.24171930179069473, 'rf': 0.30443826508605465, 'nn': 0.1103246115233274, 'tabnet': 0.3435178215999232}
[2025-04-28 10:38:52] Accuracy: 0.3761

[2025-04-28 10:38:52] Trial 32:
[2025-04-28 10:38:52] Weights: {'knn': 0.21577308454786195, 'rf': 0.2929385235955425, 'nn': 0.1419237681593693, 'tabnet': 0.34936462369722626}
[2025-04-28 10:38:52] Accuracy: 0.3761

[2025-04-28 10:38:52] Trial 33:
[2025-04-28 10:38:52] Weights: {'knn': 0.31240574537653854, 'rf': 0.3486068203293803, 'nn': 0.05258664825436368, 'tabnet': 0.28640078603971764}
[2025-04-28 10:38:52] Accuracy: 0.3718

[2025-04-28 10:38:52] Trial 34:
[2025-04-28 10:38:52] Weights: {'knn': 0.2504650023316191, 'rf': 0.25575785525153016, 'nn': 0.17487176225352027, 'tabnet': 0.3189053801633305}
[2025-04-28 10:38:52] Accuracy: 0.3761

[2025-04-28 10:38:52] Trial 35:
[2025-04-28 10:38:52] Weights: {'knn': 0.2587941581838256, 'rf': 0.26322850091949174, 'nn': 0.1798634377705352, 'tabnet': 0.29811390312614733}
[2025-04-28 10:38:52] Accuracy: 0.3761

[2025-04-28 10:38:52] Trial 36:
[2025-04-28 10:38:52] Weights: {'knn': 0.19101835310869644, 'rf': 0.33591603084998756, 'nn': 0.10444225696519602, 'tabnet': 0.36862335907612}
[2025-04-28 10:38:52] Accuracy: 0.3744

[2025-04-28 10:38:52] Trial 37:
[2025-04-28 10:38:52] Weights: {'knn': 0.3436098800635782, 'rf': 0.09168977959067441, 'nn': 0.04597218197657015, 'tabnet': 0.5187281583691773}
[2025-04-28 10:38:52] Accuracy: 0.3701

[2025-04-28 10:38:52] Trial 38:
[2025-04-28 10:38:52] Weights: {'knn': 0.26816138816055496, 'rf': 0.34780378326527633, 'nn': 0.07663099511529849, 'tabnet': 0.3074038334588702}
[2025-04-28 10:38:52] Accuracy: 0.3718

[2025-04-28 10:38:52] Trial 39:
[2025-04-28 10:38:52] Weights: {'knn': 0.4278127685521995, 'rf': 0.3296619904229107, 'nn': 0.22288076669057663, 'tabnet': 0.01964447433431312}
[2025-04-28 10:38:52] Accuracy: 0.3718

[2025-04-28 10:38:52] Trial 40:
[2025-04-28 10:38:52] Weights: {'knn': 0.2955652564789212, 'rf': 0.2970478286882733, 'nn': 0.17958554274099406, 'tabnet': 0.22780137209181148}
[2025-04-28 10:38:52] Accuracy: 0.3735

[2025-04-28 10:38:52] Trial 41:
[2025-04-28 10:38:52] Weights: {'knn': 0.3136173320866609, 'rf': 0.27199950385862115, 'nn': 0.0906253276547181, 'tabnet': 0.3237578363999997}
[2025-04-28 10:38:52] Accuracy: 0.3761

[2025-04-28 10:38:52] Trial 42:
[2025-04-28 10:38:52] Weights: {'knn': 0.2902260756623588, 'rf': 0.2753454448443897, 'nn': 0.04191638032973447, 'tabnet': 0.392512099163517}
[2025-04-28 10:38:52] Accuracy: 0.3744

[2025-04-28 10:38:52] Trial 43:
[2025-04-28 10:38:52] Weights: {'knn': 0.3392190493478601, 'rf': 0.24950234733761895, 'nn': 0.09079521746263773, 'tabnet': 0.32048338585188324}
[2025-04-28 10:38:52] Accuracy: 0.3752

[2025-04-28 10:38:52] Trial 44:
[2025-04-28 10:38:52] Weights: {'knn': 0.24946156520566368, 'rf': 0.23912570905819377, 'nn': 0.18784085558905161, 'tabnet': 0.323571870147091}
[2025-04-28 10:38:52] Accuracy: 0.3735

[2025-04-28 10:38:52] Trial 45:
[2025-04-28 10:38:52] Weights: {'knn': 0.19510560132294563, 'rf': 0.31018467718139675, 'nn': 0.13818323108534172, 'tabnet': 0.3565264904103159}
[2025-04-28 10:38:52] Accuracy: 0.3744

[2025-04-28 10:38:52] Trial 46:
[2025-04-28 10:38:52] Weights: {'knn': 0.26695523694312995, 'rf': 0.4007671592423384, 'nn': 0.005013021472340746, 'tabnet': 0.32726458234219075}
[2025-04-28 10:38:52] Accuracy: 0.3701

[2025-04-28 10:38:52] Trial 47:
[2025-04-28 10:38:52] Weights: {'knn': 0.03550118463886429, 'rf': 0.4719575356121689, 'nn': 0.18752959549296108, 'tabnet': 0.3050116842560056}
[2025-04-28 10:38:52] Accuracy: 0.3709

[2025-04-28 10:38:52] Trial 48:
[2025-04-28 10:38:52] Weights: {'knn': 0.16963006339684936, 'rf': 0.36959490846089427, 'nn': 0.060497028119467396, 'tabnet': 0.40027800002278907}
[2025-04-28 10:38:52] Accuracy: 0.3744

[2025-04-28 10:38:52] Trial 49:
[2025-04-28 10:38:52] Weights: {'knn': 0.29321572538579416, 'rf': 0.29387567483589666, 'nn': 0.11437298284316612, 'tabnet': 0.29853561693514297}
[2025-04-28 10:38:52] Accuracy: 0.3761

[2025-04-28 10:38:52] Trial 50:
[2025-04-28 10:38:52] Weights: {'knn': 0.23322543066081086, 'rf': 0.19542152608869506, 'nn': 0.2305505349556097, 'tabnet': 0.3408025082948843}
[2025-04-28 10:38:52] Accuracy: 0.3735

[2025-04-28 10:38:52] Trial 51:
[2025-04-28 10:38:52] Weights: {'knn': 0.2383602357537548, 'rf': 0.27865114832469967, 'nn': 0.15044269915808878, 'tabnet': 0.3325459167634567}
[2025-04-28 10:38:52] Accuracy: 0.3761

[2025-04-28 10:38:52] Trial 52:
[2025-04-28 10:38:52] Weights: {'knn': 0.26266103673614105, 'rf': 0.2768703125172698, 'nn': 0.151535305057966, 'tabnet': 0.30893334568862324}
[2025-04-28 10:38:52] Accuracy: 0.3761

[2025-04-28 10:38:52] Trial 53:
[2025-04-28 10:38:52] Weights: {'knn': 0.19403964161665557, 'rf': 0.30248183110373983, 'nn': 0.19066980171942335, 'tabnet': 0.31280872556018136}
[2025-04-28 10:38:52] Accuracy: 0.3735

[2025-04-28 10:38:52] Trial 54:
[2025-04-28 10:38:52] Weights: {'knn': 0.29591286831232366, 'rf': 0.2369568006264226, 'nn': 0.0903668920827509, 'tabnet': 0.37676343897850284}
[2025-04-28 10:38:52] Accuracy: 0.3761

[2025-04-28 10:38:52] Trial 55:
[2025-04-28 10:38:52] Weights: {'knn': 0.2715007614790105, 'rf': 0.32346190336327807, 'nn': 0.10727079855659245, 'tabnet': 0.2977665366011189}
[2025-04-28 10:38:52] Accuracy: 0.3735

[2025-04-28 10:38:52] Trial 56:
[2025-04-28 10:38:52] Weights: {'knn': 0.33724291498959114, 'rf': 0.29117371230835704, 'nn': 0.1737663243750845, 'tabnet': 0.1978170483269673}
[2025-04-28 10:38:52] Accuracy: 0.3752

[2025-04-28 10:38:52] Trial 57:
[2025-04-28 10:38:52] Weights: {'knn': 0.28771805830282937, 'rf': 0.2941053940865584, 'nn': 0.11474261678631108, 'tabnet': 0.30343393082430103}
[2025-04-28 10:38:52] Accuracy: 0.3761

[2025-04-28 10:38:52] Trial 58:
[2025-04-28 10:38:52] Weights: {'knn': 0.25565248945852637, 'rf': 0.36147028917272617, 'nn': 0.07954964188778565, 'tabnet': 0.3033275794809618}
[2025-04-28 10:38:52] Accuracy: 0.3718

[2025-04-28 10:38:52] Trial 59:
[2025-04-28 10:38:52] Weights: {'knn': 0.3072318117515028, 'rf': 0.22568959357021892, 'nn': 0.17395328230859086, 'tabnet': 0.29312531236968736}
[2025-04-28 10:38:52] Accuracy: 0.3752

[2025-04-28 10:38:52] Trial 60:
[2025-04-28 10:38:52] Weights: {'knn': 0.22470957881555292, 'rf': 0.3076567484180032, 'nn': 0.14840927430556586, 'tabnet': 0.319224398460878}
[2025-04-28 10:38:52] Accuracy: 0.3761

[2025-04-28 10:38:52] Trial 61:
[2025-04-28 10:38:52] Weights: {'knn': 0.27545618314391723, 'rf': 0.2873383414412333, 'nn': 0.10868725162671566, 'tabnet': 0.32851822378813383}
[2025-04-28 10:38:52] Accuracy: 0.3761

[2025-04-28 10:38:52] Trial 62:
[2025-04-28 10:38:52] Weights: {'knn': 0.24394423453418898, 'rf': 0.3078203691326302, 'nn': 0.136625490481454, 'tabnet': 0.3116099058517267}
[2025-04-28 10:38:52] Accuracy: 0.3761

[2025-04-28 10:38:52] Trial 63:
[2025-04-28 10:38:52] Weights: {'knn': 0.24219805400196195, 'rf': 0.32810649528051267, 'nn': 0.08998082512432017, 'tabnet': 0.3397146255932052}
[2025-04-28 10:38:52] Accuracy: 0.3744

[2025-04-28 10:38:52] Trial 64:
[2025-04-28 10:38:52] Weights: {'knn': 0.20396171595117307, 'rf': 0.35907378937092344, 'nn': 0.0648601952695125, 'tabnet': 0.37210429940839107}
[2025-04-28 10:38:52] Accuracy: 0.3744

[2025-04-28 10:38:52] Trial 65:
[2025-04-28 10:38:52] Weights: {'knn': 0.21217157770430867, 'rf': 0.24383196747268235, 'nn': 0.170447943094877, 'tabnet': 0.3735485117281321}
[2025-04-28 10:38:52] Accuracy: 0.3735

[2025-04-28 10:38:52] Trial 66:
[2025-04-28 10:38:52] Weights: {'knn': 0.30018446455766973, 'rf': 0.26452916467846843, 'nn': 0.11482803796226722, 'tabnet': 0.32045833280159464}
[2025-04-28 10:38:52] Accuracy: 0.3761

[2025-04-28 10:38:52] Trial 67:
[2025-04-28 10:38:52] Weights: {'knn': 0.1843130336583324, 'rf': 0.2763476090175921, 'nn': 0.21863743472027625, 'tabnet': 0.3207019226037991}
[2025-04-28 10:38:52] Accuracy: 0.3735

[2025-04-28 10:38:52] Trial 68:
[2025-04-28 10:38:52] Weights: {'knn': 0.2673212451840076, 'rf': 0.3157566468732686, 'nn': 0.07448012947159773, 'tabnet': 0.34244197847112606}
[2025-04-28 10:38:52] Accuracy: 0.3744

[2025-04-28 10:38:52] Trial 69:
[2025-04-28 10:38:52] Weights: {'knn': 0.30131587545847194, 'rf': 0.21735192711621049, 'nn': 0.20618764102799425, 'tabnet': 0.2751445563973232}
[2025-04-28 10:38:52] Accuracy: 0.3752

[2025-04-28 10:38:52] Trial 70:
[2025-04-28 10:38:52] Weights: {'knn': 0.10376526935038134, 'rf': 0.30135585851493984, 'nn': 0.21451368165581505, 'tabnet': 0.38036519047886375}
[2025-04-28 10:38:52] Accuracy: 0.3718

[2025-04-28 10:38:52] Trial 71:
[2025-04-28 10:38:52] Weights: {'knn': 0.21608607500666585, 'rf': 0.2703663759534802, 'nn': 0.1445992463111591, 'tabnet': 0.3689483027286947}
[2025-04-28 10:38:52] Accuracy: 0.3718

[2025-04-28 10:38:52] Trial 72:
[2025-04-28 10:38:52] Weights: {'knn': 0.19904891781283182, 'rf': 0.291709099541259, 'nn': 0.16096058965993762, 'tabnet': 0.34828139298597155}
[2025-04-28 10:38:52] Accuracy: 0.3735

[2025-04-28 10:38:52] Trial 73:
[2025-04-28 10:38:52] Weights: {'knn': 0.21163306304777166, 'rf': 0.2212093649990058, 'nn': 0.1635188234749248, 'tabnet': 0.40363874847829767}
[2025-04-28 10:38:52] Accuracy: 0.3718

[2025-04-28 10:38:52] Trial 74:
[2025-04-28 10:38:52] Weights: {'knn': 0.24337656230730065, 'rf': 0.29100713006952195, 'nn': 0.09766572093753753, 'tabnet': 0.3679505866856398}
[2025-04-28 10:38:52] Accuracy: 0.3744

[2025-04-28 10:38:53] Trial 75:
[2025-04-28 10:38:53] Weights: {'knn': 0.24692720014657696, 'rf': 0.31282424094685946, 'nn': 0.13084571644567317, 'tabnet': 0.30940284246089034}
[2025-04-28 10:38:53] Accuracy: 0.3735

[2025-04-28 10:38:53] Trial 76:
[2025-04-28 10:38:53] Weights: {'knn': 0.2272327316400342, 'rf': 0.3187569605727471, 'nn': 0.16023341673646568, 'tabnet': 0.29377689105075305}
[2025-04-28 10:38:53] Accuracy: 0.3735

[2025-04-28 10:38:53] Trial 77:
[2025-04-28 10:38:53] Weights: {'knn': 0.25798823611868094, 'rf': 0.326584448291474, 'nn': 0.09645070682386339, 'tabnet': 0.3189766087659816}
[2025-04-28 10:38:53] Accuracy: 0.3735

[2025-04-28 10:38:53] Trial 78:
[2025-04-28 10:38:53] Weights: {'knn': 0.32799233306319897, 'rf': 0.31729102709563267, 'nn': 0.08566448328092197, 'tabnet': 0.2690521565602463}
[2025-04-28 10:38:53] Accuracy: 0.3752

[2025-04-28 10:38:53] Trial 79:
[2025-04-28 10:38:53] Weights: {'knn': 0.24686628174638375, 'rf': 0.26479490645778486, 'nn': 0.2092432915377479, 'tabnet': 0.2790955202580836}
[2025-04-28 10:38:53] Accuracy: 0.3761

[2025-04-28 10:38:53] Trial 80:
[2025-04-28 10:38:53] Weights: {'knn': 0.2946499191696841, 'rf': 0.2494968916531815, 'nn': 0.09940377005357984, 'tabnet': 0.3564494191235546}
[2025-04-28 10:38:53] Accuracy: 0.3761

[2025-04-28 10:38:53] Trial 81:
[2025-04-28 10:38:53] Weights: {'knn': 0.25574159893979465, 'rf': 0.2560372062420322, 'nn': 0.15902422018027892, 'tabnet': 0.32919697463789416}
[2025-04-28 10:38:53] Accuracy: 0.3761

[2025-04-28 10:38:53] Trial 82:
[2025-04-28 10:38:53] Weights: {'knn': 0.2933354054480251, 'rf': 0.04376802946490421, 'nn': 0.25483641068374707, 'tabnet': 0.40806015440332366}
[2025-04-28 10:38:53] Accuracy: 0.3744

[2025-04-28 10:38:53] Trial 83:
[2025-04-28 10:38:53] Weights: {'knn': 0.24662203392501217, 'rf': 0.2748517608129649, 'nn': 0.2073859231043473, 'tabnet': 0.27114028215767566}
[2025-04-28 10:38:53] Accuracy: 0.3735

[2025-04-28 10:38:53] Trial 84:
[2025-04-28 10:38:53] Weights: {'knn': 0.2559421658165063, 'rf': 0.2898718811316507, 'nn': 0.17613982818103768, 'tabnet': 0.27804612487080527}
[2025-04-28 10:38:53] Accuracy: 0.3735

[2025-04-28 10:38:53] Trial 85:
[2025-04-28 10:38:53] Weights: {'knn': 0.24619696955242204, 'rf': 0.2456936426366703, 'nn': 0.17658949030653168, 'tabnet': 0.331519897504376}
[2025-04-28 10:38:53] Accuracy: 0.3735

[2025-04-28 10:38:53] Trial 86:
[2025-04-28 10:38:53] Weights: {'knn': 0.24074709406740555, 'rf': 0.28699006451554476, 'nn': 0.13615576651862735, 'tabnet': 0.3361070748984223}
[2025-04-28 10:38:53] Accuracy: 0.3761

[2025-04-28 10:38:53] Trial 87:
[2025-04-28 10:38:53] Weights: {'knn': 0.32294294388068245, 'rf': 0.3021687137463053, 'nn': 0.04256003714043154, 'tabnet': 0.33232830523258067}
[2025-04-28 10:38:53] Accuracy: 0.3761

[2025-04-28 10:38:53] Trial 88:
[2025-04-28 10:38:53] Weights: {'knn': 0.1890088520598699, 'rf': 0.31332264118297404, 'nn': 0.18288740251435928, 'tabnet': 0.3147811042427968}
[2025-04-28 10:38:53] Accuracy: 0.3761

[2025-04-28 10:38:53] Trial 89:
[2025-04-28 10:38:53] Weights: {'knn': 0.23114329496954908, 'rf': 0.31250804739290894, 'nn': 0.14082383143973004, 'tabnet': 0.3155248261978119}
[2025-04-28 10:38:53] Accuracy: 0.3761

[2025-04-28 10:38:53] Trial 90:
[2025-04-28 10:38:53] Weights: {'knn': 0.4752905178214603, 'rf': 0.2118673706837489, 'nn': 0.173119420199506, 'tabnet': 0.13972269129528478}
[2025-04-28 10:38:53] Accuracy: 0.3701

[2025-04-28 10:38:53] Trial 91:
[2025-04-28 10:38:53] Weights: {'knn': 0.2319370039986731, 'rf': 0.25601034419533697, 'nn': 0.22017191890002624, 'tabnet': 0.2918807329059638}
[2025-04-28 10:38:53] Accuracy: 0.3735

[2025-04-28 10:38:53] Trial 92:
[2025-04-28 10:38:53] Weights: {'knn': 0.27070622344700956, 'rf': 0.26205789301332044, 'nn': 0.16801551485496533, 'tabnet': 0.29922036868470475}
[2025-04-28 10:38:53] Accuracy: 0.3761

[2025-04-28 10:38:53] Trial 93:
[2025-04-28 10:38:53] Weights: {'knn': 0.26100350708760045, 'rf': 0.2661037713165639, 'nn': 0.13454073322224921, 'tabnet': 0.3383519883735864}
[2025-04-28 10:38:53] Accuracy: 0.3761

[2025-04-28 10:38:53] Trial 94:
[2025-04-28 10:38:53] Weights: {'knn': 0.25920055250931734, 'rf': 0.24245311753902987, 'nn': 0.15673432832201287, 'tabnet': 0.3416120016296399}
[2025-04-28 10:38:53] Accuracy: 0.3761

[2025-04-28 10:38:53] Trial 95:
[2025-04-28 10:38:53] Weights: {'knn': 0.26165355685521446, 'rf': 0.20283427622613912, 'nn': 0.16460285743955286, 'tabnet': 0.37090930947909356}
[2025-04-28 10:38:53] Accuracy: 0.3735

[2025-04-28 10:38:53] Trial 96:
[2025-04-28 10:38:53] Weights: {'knn': 0.22971804585040162, 'rf': 0.27575548144869044, 'nn': 0.1771783391690898, 'tabnet': 0.31734813353181823}
[2025-04-28 10:38:53] Accuracy: 0.3761

[2025-04-28 10:38:53] Trial 97:
[2025-04-28 10:38:53] Weights: {'knn': 0.210317902037233, 'rf': 0.32012680991089054, 'nn': 0.10450524462805193, 'tabnet': 0.3650500434238246}
[2025-04-28 10:38:53] Accuracy: 0.3744

[2025-04-28 10:38:53] Trial 98:
[2025-04-28 10:38:53] Weights: {'knn': 0.2690556872973689, 'rf': 0.2995431621815886, 'nn': 0.12277322493616642, 'tabnet': 0.30862792558487606}
[2025-04-28 10:38:53] Accuracy: 0.3761

[2025-04-28 10:38:53] Trial 99:
[2025-04-28 10:38:53] Weights: {'knn': 0.21590166214653722, 'rf': 0.32139552955537254, 'nn': 0.2647892965274163, 'tabnet': 0.19791351177067407}
[2025-04-28 10:38:53] Accuracy: 0.3735

[2025-04-28 10:38:53] 
Best trial:
[2025-04-28 10:38:53] Value: 0.3761
[2025-04-28 10:38:53] Params: {'knn_weight': 0.6945084521124517, 'rf_weight': 0.6570995310403925, 'nn_weight': 0.5064580601564272, 'tabnet_weight': 0.74030390779333}
