[2025-04-28 23:03:39] Trial 0:
[2025-04-28 23:03:39] Weights: {'knn': 0.06548091957894032, 'rf': 0.2949996331609948, 'nn': 0.29964113739339254, 'tabnet': 0.3398783098666723}
[2025-04-28 23:03:39] Accuracy: 0.3735

[2025-04-28 23:03:39] Trial 1:
[2025-04-28 23:03:39] Weights: {'knn': 0.39384322335293576, 'rf': 0.23153863915032896, 'nn': 0.10077406383201686, 'tabnet': 0.27384407366471825}
[2025-04-28 23:03:39] Accuracy: 0.3735

[2025-04-28 23:03:40] Trial 2:
[2025-04-28 23:03:40] Weights: {'knn': 0.18877508994370812, 'rf': 0.1778067298412525, 'nn': 0.3347252206617244, 'tabnet': 0.29869295955331504}
[2025-04-28 23:03:40] Accuracy: 0.3718

[2025-04-28 23:03:40] Trial 3:
[2025-04-28 23:03:40] Weights: {'knn': 0.15815213180245402, 'rf': 0.223594455096854, 'nn': 0.34728965791636335, 'tabnet': 0.2709637551843287}
[2025-04-28 23:03:40] Accuracy: 0.3718

[2025-04-28 23:03:40] Trial 4:
[2025-04-28 23:03:40] Weights: {'knn': 0.3882163202035446, 'rf': 0.32790585862099414, 'nn': 0.04540357501962968, 'tabnet': 0.23847424615583168}
[2025-04-28 23:03:40] Accuracy: 0.3735

[2025-04-28 23:03:40] Trial 5:
[2025-04-28 23:03:40] Weights: {'knn': 0.2671595597105379, 'rf': 0.4611114994710844, 'nn': 0.17907166655421555, 'tabnet': 0.09265727426416209}
[2025-04-28 23:03:40] Accuracy: 0.3692

[2025-04-28 23:03:40] Trial 6:
[2025-04-28 23:03:40] Weights: {'knn': 0.08116858848309326, 'rf': 0.42631626667837197, 'nn': 0.10247049549468286, 'tabnet': 0.39004464934385186}
[2025-04-28 23:03:40] Accuracy: 0.3718

[2025-04-28 23:03:40] Trial 7:
[2025-04-28 23:03:40] Weights: {'knn': 0.43739486341732314, 'rf': 0.2263041093495709, 'nn': 0.03603317471570429, 'tabnet': 0.30026785251740173}
[2025-04-28 23:03:40] Accuracy: 0.3735

[2025-04-28 23:03:40] Trial 8:
[2025-04-28 23:03:40] Weights: {'knn': 0.02723729232578978, 'rf': 0.4769007107755837, 'nn': 0.11562304705469736, 'tabnet': 0.3802389498439291}
[2025-04-28 23:03:40] Accuracy: 0.3709

[2025-04-28 23:03:40] Trial 9:
[2025-04-28 23:03:40] Weights: {'knn': 0.2770221632284474, 'rf': 0.25461590620597957, 'nn': 0.2722680461694423, 'tabnet': 0.19609388439613082}
[2025-04-28 23:03:40] Accuracy: 0.3752

[2025-04-28 23:03:40] Trial 10:
[2025-04-28 23:03:40] Weights: {'knn': 0.45706204332160505, 'rf': 0.0634244449898921, 'nn': 0.43575111224028695, 'tabnet': 0.04376239944821587}
[2025-04-28 23:03:40] Accuracy: 0.3718

[2025-04-28 23:03:40] Trial 11:
[2025-04-28 23:03:40] Weights: {'knn': 0.032499665044266914, 'rf': 0.3103445372962789, 'nn': 0.4191964774774655, 'tabnet': 0.2379593201819886}
[2025-04-28 23:03:40] Accuracy: 0.3752

[2025-04-28 23:03:40] Trial 12:
[2025-04-28 23:03:40] Weights: {'knn': 0.2448548314864482, 'rf': 0.03982011681805622, 'nn': 0.5005207796434382, 'tabnet': 0.2148042720520574}
[2025-04-28 23:03:40] Accuracy: 0.3735

[2025-04-28 23:03:40] Trial 13:
[2025-04-28 23:03:40] Weights: {'knn': 0.31979822218548826, 'rf': 0.18176119079803488, 'nn': 0.36175997489554407, 'tabnet': 0.13668061212093277}
[2025-04-28 23:03:40] Accuracy: 0.3709

[2025-04-28 23:03:40] Trial 14:
[2025-04-28 23:03:40] Weights: {'knn': 0.22522202076122153, 'rf': 0.20025435081826937, 'nn': 0.5375757437678829, 'tabnet': 0.036947884652626294}
[2025-04-28 23:03:40] Accuracy: 0.3735

[2025-04-28 23:03:40] Trial 15:
[2025-04-28 23:03:40] Weights: {'knn': 0.007438681030865557, 'rf': 0.2774641017130843, 'nn': 0.5474738554615063, 'tabnet': 0.16762336179454387}
[2025-04-28 23:03:40] Accuracy: 0.3735

[2025-04-28 23:03:40] Trial 16:
[2025-04-28 23:03:40] Weights: {'knn': 0.25394430242196686, 'rf': 0.4203907802450952, 'nn': 0.22883612125904146, 'tabnet': 0.09682879607389643}
[2025-04-28 23:03:40] Accuracy: 0.3709

[2025-04-28 23:03:40] Trial 17:
[2025-04-28 23:03:40] Weights: {'knn': 0.4007780546318501, 'rf': 0.08472327936064786, 'nn': 0.3228435510632873, 'tabnet': 0.1916551149442147}
[2025-04-28 23:03:40] Accuracy: 0.3692

[2025-04-28 23:03:40] Trial 18:
[2025-04-28 23:03:40] Weights: {'knn': 0.1179367846656772, 'rf': 0.5066599893466959, 'nn': 0.25636588959049655, 'tabnet': 0.11903733639713021}
[2025-04-28 23:03:40] Accuracy: 0.3666

[2025-04-28 23:03:40] Trial 19:
[2025-04-28 23:03:40] Weights: {'knn': 0.17552051783211958, 'rf': 0.18129636837524726, 'nn': 0.21503628603739414, 'tabnet': 0.42814682775523905}
[2025-04-28 23:03:40] Accuracy: 0.3726

[2025-04-28 23:03:40] Trial 20:
[2025-04-28 23:03:40] Weights: {'knn': 0.3050567550832809, 'rf': 0.15014200260825128, 'nn': 0.36604714791996185, 'tabnet': 0.1787540943885059}
[2025-04-28 23:03:40] Accuracy: 0.3683

[2025-04-28 23:03:40] Trial 21:
[2025-04-28 23:03:40] Weights: {'knn': 0.08157833541532152, 'rf': 0.2805724236376865, 'nn': 0.27738363257991633, 'tabnet': 0.3604656083670757}
[2025-04-28 23:03:40] Accuracy: 0.3718

[2025-04-28 23:03:40] Trial 22:
[2025-04-28 23:03:40] Weights: {'knn': 0.06400986922697242, 'rf': 0.32252749521339225, 'nn': 0.2962533799262656, 'tabnet': 0.31720925563336966}
[2025-04-28 23:03:40] Accuracy: 0.3709

[2025-04-28 23:03:40] Trial 23:
[2025-04-28 23:03:40] Weights: {'knn': 0.21555197328045259, 'rf': 0.24234711828531721, 'nn': 0.37942594985912476, 'tabnet': 0.16267495857510542}
[2025-04-28 23:03:40] Accuracy: 0.3718

[2025-04-28 23:03:40] Trial 24:
[2025-04-28 23:03:40] Weights: {'knn': 0.006092694376095012, 'rf': 0.1996577719834319, 'nn': 0.2587834539125587, 'tabnet': 0.5354660797279144}
[2025-04-28 23:03:40] Accuracy: 0.3701

[2025-04-28 23:03:40] Trial 25:
[2025-04-28 23:03:40] Weights: {'knn': 0.1515846753472204, 'rf': 0.3401623550777452, 'nn': 0.2624488091431053, 'tabnet': 0.24580416043192901}
[2025-04-28 23:03:40] Accuracy: 0.3709

[2025-04-28 23:03:40] Trial 26:
[2025-04-28 23:03:40] Weights: {'knn': 0.060331884618937494, 'rf': 0.2947128284909346, 'nn': 0.11071656174877031, 'tabnet': 0.5342387251413576}
[2025-04-28 23:03:40] Accuracy: 0.3701

[2025-04-28 23:03:40] Trial 27:
[2025-04-28 23:03:40] Weights: {'knn': 0.2710964472762638, 'rf': 0.36752537565349247, 'nn': 0.1770882151517658, 'tabnet': 0.18428996191847793}
[2025-04-28 23:03:40] Accuracy: 0.3718

[2025-04-28 23:03:40] Trial 28:
[2025-04-28 23:03:40] Weights: {'knn': 0.1382166592924681, 'rf': 0.0863265116725093, 'nn': 0.438483943681351, 'tabnet': 0.33697288535367165}
[2025-04-28 23:03:40] Accuracy: 0.3718

[2025-04-28 23:03:40] Trial 29:
[2025-04-28 23:03:40] Weights: {'knn': 0.40881682130170266, 'rf': 0.22174369479297468, 'nn': 0.32175013580882567, 'tabnet': 0.04768934809649698}
[2025-04-28 23:03:40] Accuracy: 0.3718

[2025-04-28 23:03:40] Trial 30:
[2025-04-28 23:03:40] Weights: {'knn': 0.33354939273812095, 'rf': 0.22687406410862443, 'nn': 0.23862163013899956, 'tabnet': 0.20095491301425505}
[2025-04-28 23:03:40] Accuracy: 0.3752

[2025-04-28 23:03:40] Trial 31:
[2025-04-28 23:03:40] Weights: {'knn': 0.3415460176867131, 'rf': 0.23910312806185266, 'nn': 0.23677392504695205, 'tabnet': 0.1825769292044823}
[2025-04-28 23:03:40] Accuracy: 0.3752

[2025-04-28 23:03:40] Trial 32:
[2025-04-28 23:03:40] Weights: {'knn': 0.3776824973561249, 'rf': 0.25072656144629457, 'nn': 0.1600628142129025, 'tabnet': 0.2115281269846781}
[2025-04-28 23:03:40] Accuracy: 0.3752

[2025-04-28 23:03:40] Trial 33:
[2025-04-28 23:03:40] Weights: {'knn': 0.3924676110584515, 'rf': 0.27328470827976314, 'nn': 0.22666224193006074, 'tabnet': 0.1075854387317245}
[2025-04-28 23:03:40] Accuracy: 0.3718

[2025-04-28 23:03:40] Trial 34:
[2025-04-28 23:03:40] Weights: {'knn': 0.44679878392011907, 'rf': 0.2188765825108316, 'nn': 0.010853886000091066, 'tabnet': 0.3234707475689583}
[2025-04-28 23:03:40] Accuracy: 0.3735

[2025-04-28 23:03:40] Trial 35:
[2025-04-28 23:03:40] Weights: {'knn': 0.4147175783841678, 'rf': 0.21847038879622463, 'nn': 0.2974317806718278, 'tabnet': 0.06938025214777971}
[2025-04-28 23:03:40] Accuracy: 0.3718

[2025-04-28 23:03:40] Trial 36:
[2025-04-28 23:03:40] Weights: {'knn': 0.30899990720602977, 'rf': 0.4323661203004619, 'nn': 0.2300039673091557, 'tabnet': 0.02863000518435262}
[2025-04-28 23:03:40] Accuracy: 0.3709

[2025-04-28 23:03:40] Trial 37:
[2025-04-28 23:03:40] Weights: {'knn': 0.4806185444105806, 'rf': 0.03519522174685267, 'nn': 0.1142443532085834, 'tabnet': 0.36994188063398326}
[2025-04-28 23:03:40] Accuracy: 0.3701

[2025-04-28 23:03:40] Trial 38:
[2025-04-28 23:03:40] Weights: {'knn': 0.4365277399243289, 'rf': 0.20804480077797985, 'nn': 0.20498857704538834, 'tabnet': 0.15043888225230295}
[2025-04-28 23:03:40] Accuracy: 0.3701

[2025-04-28 23:03:40] Trial 39:
[2025-04-28 23:03:40] Weights: {'knn': 0.30926890170418253, 'rf': 0.29978433008944827, 'nn': 0.2390807371449311, 'tabnet': 0.15186603106143823}
[2025-04-28 23:03:40] Accuracy: 0.3752

[2025-04-28 23:03:40] Trial 40:
[2025-04-28 23:03:40] Weights: {'knn': 0.34842868491275863, 'rf': 0.24571924233522402, 'nn': 0.21746530252224602, 'tabnet': 0.18838677022977132}
[2025-04-28 23:03:40] Accuracy: 0.3752

[2025-04-28 23:03:40] Trial 41:
[2025-04-28 23:03:40] Weights: {'knn': 0.39414850867645385, 'rf': 0.23763443161082426, 'nn': 0.1483816742746485, 'tabnet': 0.21983538543807338}
[2025-04-28 23:03:40] Accuracy: 0.3735

[2025-04-28 23:03:40] Trial 42:
[2025-04-28 23:03:40] Weights: {'knn': 0.35175144170309014, 'rf': 0.2601871745671958, 'nn': 0.09807256271723672, 'tabnet': 0.28998882101247736}
[2025-04-28 23:03:40] Accuracy: 0.3752

[2025-04-28 23:03:40] Trial 43:
[2025-04-28 23:03:40] Weights: {'knn': 0.37433274503052955, 'rf': 0.17183266707855768, 'nn': 0.2813765035452443, 'tabnet': 0.1724580843456686}
[2025-04-28 23:03:40] Accuracy: 0.3718

[2025-04-28 23:03:40] Trial 44:
[2025-04-28 23:03:40] Weights: {'knn': 0.19660989793770225, 'rf': 0.30584895576575893, 'nn': 0.1790421146872182, 'tabnet': 0.3184990316093207}
[2025-04-28 23:03:40] Accuracy: 0.3761

[2025-04-28 23:03:41] Trial 45:
[2025-04-28 23:03:41] Weights: {'knn': 0.16677965637266975, 'rf': 0.2949388188222301, 'nn': 0.24466884317580448, 'tabnet': 0.29361268162929555}
[2025-04-28 23:03:41] Accuracy: 0.3709

[2025-04-28 23:03:41] Trial 46:
[2025-04-28 23:03:41] Weights: {'knn': 0.18747518079094155, 'rf': 0.3413749566057581, 'nn': 0.17544091254207986, 'tabnet': 0.29570895006122044}
[2025-04-28 23:03:41] Accuracy: 0.3735

[2025-04-28 23:03:41] Trial 47:
[2025-04-28 23:03:41] Weights: {'knn': 0.06891189552462422, 'rf': 0.22943426539575631, 'nn': 0.39637212811501366, 'tabnet': 0.30528171096460577}
[2025-04-28 23:03:41] Accuracy: 0.3752

[2025-04-28 23:03:41] Trial 48:
[2025-04-28 23:03:41] Weights: {'knn': 0.13392005938242416, 'rf': 0.2907787914472209, 'nn': 0.06382141480891665, 'tabnet': 0.5114797343614383}
[2025-04-28 23:03:41] Accuracy: 0.3701

[2025-04-28 23:03:41] Trial 49:
[2025-04-28 23:03:41] Weights: {'knn': 0.22723949795847406, 'rf': 0.07112881849709715, 'nn': 0.3353645049359413, 'tabnet': 0.36626717860848745}
[2025-04-28 23:03:41] Accuracy: 0.3744

[2025-04-28 23:03:41] Trial 50:
[2025-04-28 23:03:41] Weights: {'knn': 0.2509364707540396, 'rf': 0.2698292358503424, 'nn': 0.26794410632734683, 'tabnet': 0.21129018706827113}
[2025-04-28 23:03:41] Accuracy: 0.3735

[2025-04-28 23:03:41] Trial 51:
[2025-04-28 23:03:41] Weights: {'knn': 0.37796556978321616, 'rf': 0.27184282289052747, 'nn': 0.15535282285774082, 'tabnet': 0.19483878446851552}
[2025-04-28 23:03:41] Accuracy: 0.3752

[2025-04-28 23:03:41] Trial 52:
[2025-04-28 23:03:41] Weights: {'knn': 0.3004596453481425, 'rf': 0.22176049729275096, 'nn': 0.21461905705254072, 'tabnet': 0.26316080030656586}
[2025-04-28 23:03:41] Accuracy: 0.3752

[2025-04-28 23:03:41] Trial 53:
[2025-04-28 23:03:41] Weights: {'knn': 0.3455882807753388, 'rf': 0.2502943195780817, 'nn': 0.3570474382498749, 'tabnet': 0.047069961396704475}
[2025-04-28 23:03:41] Accuracy: 0.3709

[2025-04-28 23:03:41] Trial 54:
[2025-04-28 23:03:41] Weights: {'knn': 0.5375204602337891, 'rf': 0.1638672058355456, 'nn': 0.1526487752977415, 'tabnet': 0.145963558632924}
[2025-04-28 23:03:41] Accuracy: 0.3554

[2025-04-28 23:03:41] Trial 55:
[2025-04-28 23:03:41] Weights: {'knn': 0.3277321295062515, 'rf': 0.2453955073223978, 'nn': 0.24604285632081757, 'tabnet': 0.18082950685053328}
[2025-04-28 23:03:41] Accuracy: 0.3752

[2025-04-28 23:03:41] Trial 56:
[2025-04-28 23:03:41] Weights: {'knn': 0.3797610651962552, 'rf': 0.34970889355298473, 'nn': 0.05392198004983564, 'tabnet': 0.21660806120092438}
[2025-04-28 23:03:41] Accuracy: 0.3752

[2025-04-28 23:03:41] Trial 57:
[2025-04-28 23:03:41] Weights: {'knn': 0.17710882990330562, 'rf': 0.21396762013269513, 'nn': 0.36412504958590336, 'tabnet': 0.2447985003780959}
[2025-04-28 23:03:41] Accuracy: 0.3718

[2025-04-28 23:03:41] Trial 58:
[2025-04-28 23:03:41] Weights: {'knn': 0.06562821766230252, 'rf': 0.19151320084330833, 'nn': 0.34138344680734817, 'tabnet': 0.40147513468704094}
[2025-04-28 23:03:41] Accuracy: 0.3744

[2025-04-28 23:03:41] Trial 59:
[2025-04-28 23:03:41] Weights: {'knn': 0.16688663804306053, 'rf': 0.15965422462922144, 'nn': 0.5875357077333893, 'tabnet': 0.08592342959432882}
[2025-04-28 23:03:41] Accuracy: 0.3735

[2025-04-28 23:03:41] Trial 60:
[2025-04-28 23:03:41] Weights: {'knn': 0.3146141983763256, 'rf': 0.43539203107331126, 'nn': 0.1009965476794051, 'tabnet': 0.14899722287095812}
[2025-04-28 23:03:41] Accuracy: 0.3701

[2025-04-28 23:03:41] Trial 61:
[2025-04-28 23:03:41] Weights: {'knn': 0.30075064000428886, 'rf': 0.31174083923032003, 'nn': 0.2401633822065193, 'tabnet': 0.14734513855887177}
[2025-04-28 23:03:41] Accuracy: 0.3735

[2025-04-28 23:03:41] Trial 62:
[2025-04-28 23:03:41] Weights: {'knn': 0.3564383618400773, 'rf': 0.27519983404197457, 'nn': 0.21880363149856666, 'tabnet': 0.14955817261938154}
[2025-04-28 23:03:41] Accuracy: 0.3752

[2025-04-28 23:03:41] Trial 63:
[2025-04-28 23:03:41] Weights: {'knn': 0.30260735999462396, 'rf': 0.19859188316418816, 'nn': 0.27917172731054585, 'tabnet': 0.21962902953064212}
[2025-04-28 23:03:41] Accuracy: 0.3752

[2025-04-28 23:03:41] Trial 64:
[2025-04-28 23:03:41] Weights: {'knn': 0.31862918012564073, 'rf': 0.2881385902324477, 'nn': 0.2877369698452029, 'tabnet': 0.10549525979670854}
[2025-04-28 23:03:41] Accuracy: 0.3752

[2025-04-28 23:03:41] Trial 65:
[2025-04-28 23:03:41] Weights: {'knn': 0.2136505646086031, 'rf': 0.3997968165599702, 'nn': 0.20077040317210088, 'tabnet': 0.18578221565932593}
[2025-04-28 23:03:41] Accuracy: 0.3709

[2025-04-28 23:03:41] Trial 66:
[2025-04-28 23:03:41] Weights: {'knn': 0.4028173778458123, 'rf': 0.362777289825379, 'nn': 0.19486121267936807, 'tabnet': 0.03954411964944084}
[2025-04-28 23:03:41] Accuracy: 0.3718

[2025-04-28 23:03:41] Trial 67:
[2025-04-28 23:03:41] Weights: {'knn': 0.18589488671332952, 'rf': 0.3960068420077002, 'nn': 0.25984182068476497, 'tabnet': 0.1582564505942054}
[2025-04-28 23:03:41] Accuracy: 0.3726

[2025-04-28 23:03:41] Trial 68:
[2025-04-28 23:03:41] Weights: {'knn': 0.12689707605719946, 'rf': 0.4143948947094557, 'nn': 0.2920864014205427, 'tabnet': 0.16662162781280213}
[2025-04-28 23:03:41] Accuracy: 0.3726

[2025-04-28 23:03:41] Trial 69:
[2025-04-28 23:03:41] Weights: {'knn': 0.32939130506617603, 'rf': 0.26843558389952304, 'nn': 0.30834241779365545, 'tabnet': 0.09383069324064544}
[2025-04-28 23:03:41] Accuracy: 0.3752

[2025-04-28 23:03:41] Trial 70:
[2025-04-28 23:03:41] Weights: {'knn': 0.10426355381811808, 'rf': 0.36631481209796346, 'nn': 0.0070254962648219005, 'tabnet': 0.5223961378190964}
[2025-04-28 23:03:41] Accuracy: 0.3701

[2025-04-28 23:03:41] Trial 71:
[2025-04-28 23:03:41] Weights: {'knn': 0.34511598607035054, 'rf': 0.23676470595726404, 'nn': 0.2174416802409479, 'tabnet': 0.20067762773143752}
[2025-04-28 23:03:41] Accuracy: 0.3752

[2025-04-28 23:03:41] Trial 72:
[2025-04-28 23:03:41] Weights: {'knn': 0.39470425403847437, 'rf': 0.2792513519505631, 'nn': 0.20997008646355714, 'tabnet': 0.1160743075474053}
[2025-04-28 23:03:41] Accuracy: 0.3752

[2025-04-28 23:03:41] Trial 73:
[2025-04-28 23:03:41] Weights: {'knn': 0.39693248741650655, 'rf': 0.24345268410080112, 'nn': 0.20246108576880426, 'tabnet': 0.15715374271388807}
[2025-04-28 23:03:41] Accuracy: 0.3752

[2025-04-28 23:03:41] Trial 74:
[2025-04-28 23:03:41] Weights: {'knn': 0.4464273403158803, 'rf': 0.20976307152671328, 'nn': 0.14877235698314165, 'tabnet': 0.19503723117426475}
[2025-04-28 23:03:41] Accuracy: 0.3701

[2025-04-28 23:03:41] Trial 75:
[2025-04-28 23:03:41] Weights: {'knn': 0.26037969022013197, 'rf': 0.2323915624658586, 'nn': 0.2922462754575677, 'tabnet': 0.21498247185644176}
[2025-04-28 23:03:41] Accuracy: 0.3718

[2025-04-28 23:03:41] Trial 76:
[2025-04-28 23:03:41] Weights: {'knn': 0.34843153100054935, 'rf': 0.12654083543518255, 'nn': 0.21444180548545452, 'tabnet': 0.3105858280788136}
[2025-04-28 23:03:41] Accuracy: 0.3709

[2025-04-28 23:03:41] Trial 77:
[2025-04-28 23:03:41] Weights: {'knn': 0.13072268955095867, 'rf': 0.18045223797245602, 'nn': 0.5864302841085852, 'tabnet': 0.10239478836800023}
[2025-04-28 23:03:41] Accuracy: 0.3735

[2025-04-28 23:03:41] Trial 78:
[2025-04-28 23:03:41] Weights: {'knn': 0.34333459101581587, 'rf': 0.2717879931549261, 'nn': 0.21797763505449297, 'tabnet': 0.16689978077476517}
[2025-04-28 23:03:41] Accuracy: 0.3752

[2025-04-28 23:03:41] Trial 79:
[2025-04-28 23:03:41] Weights: {'knn': 0.30330207923889163, 'rf': 0.30107630940783947, 'nn': 0.12292481107233648, 'tabnet': 0.27269680028093246}
[2025-04-28 23:03:41] Accuracy: 0.3752

[2025-04-28 23:03:41] Trial 80:
[2025-04-28 23:03:41] Weights: {'knn': 0.1513966277230937, 'rf': 0.3796915606051141, 'nn': 0.34280600617467955, 'tabnet': 0.12610580549711267}
[2025-04-28 23:03:41] Accuracy: 0.3726

[2025-04-28 23:03:41] Trial 81:
[2025-04-28 23:03:41] Weights: {'knn': 0.3740013282880155, 'rf': 0.22278645049991672, 'nn': 0.10342074376433022, 'tabnet': 0.2997914774477375}
[2025-04-28 23:03:41] Accuracy: 0.3735

[2025-04-28 23:03:41] Trial 82:
[2025-04-28 23:03:41] Weights: {'knn': 0.3877610215157385, 'rf': 0.2190533089079774, 'nn': 0.11067073934381562, 'tabnet': 0.2825149302324686}
[2025-04-28 23:03:41] Accuracy: 0.3735

[2025-04-28 23:03:41] Trial 83:
[2025-04-28 23:03:41] Weights: {'knn': 0.3628339399643121, 'rf': 0.20639752875034648, 'nn': 0.07125711134363223, 'tabnet': 0.35951141994170926}
[2025-04-28 23:03:41] Accuracy: 0.3735

[2025-04-28 23:03:41] Trial 84:
[2025-04-28 23:03:41] Weights: {'knn': 0.3675432701179078, 'rf': 0.17753777781831898, 'nn': 0.18585265289357655, 'tabnet': 0.2690662991701966}
[2025-04-28 23:03:41] Accuracy: 0.3735

[2025-04-28 23:03:42] Trial 85:
[2025-04-28 23:03:42] Weights: {'knn': 0.3857119494303297, 'rf': 0.2965513742843895, 'nn': 0.1286829799172951, 'tabnet': 0.18905369636798566}
[2025-04-28 23:03:42] Accuracy: 0.3752

[2025-04-28 23:03:42] Trial 86:
[2025-04-28 23:03:42] Weights: {'knn': 0.30796194645661645, 'rf': 0.28696548945351724, 'nn': 0.2134370354563609, 'tabnet': 0.19163552863350544}
[2025-04-28 23:03:42] Accuracy: 0.3752

[2025-04-28 23:03:42] Trial 87:
[2025-04-28 23:03:42] Weights: {'knn': 0.15676371241330364, 'rf': 0.23887649645681647, 'nn': 0.32511685109635957, 'tabnet': 0.27924294003352035}
[2025-04-28 23:03:42] Accuracy: 0.3718

[2025-04-28 23:03:42] Trial 88:
[2025-04-28 23:03:42] Weights: {'knn': 0.3678464010236159, 'rf': 0.17048400948893794, 'nn': 0.1305064743015852, 'tabnet': 0.33116311518586106}
[2025-04-28 23:03:42] Accuracy: 0.3735

[2025-04-28 23:03:42] Trial 89:
[2025-04-28 23:03:42] Weights: {'knn': 0.23819611676986358, 'rf': 0.2642758323240873, 'nn': 0.01945151298539243, 'tabnet': 0.4780765379206567}
[2025-04-28 23:03:42] Accuracy: 0.3744

[2025-04-28 23:03:42] Trial 90:
[2025-04-28 23:03:42] Weights: {'knn': 0.34275572571010093, 'rf': 0.2187086417196891, 'nn': 0.17301778237356352, 'tabnet': 0.26551785019664637}
[2025-04-28 23:03:42] Accuracy: 0.3752

[2025-04-28 23:03:42] Trial 91:
[2025-04-28 23:03:42] Weights: {'knn': 0.07711490906905845, 'rf': 0.2240785593840817, 'nn': 0.3974450786822784, 'tabnet': 0.3013614528645815}
[2025-04-28 23:03:42] Accuracy: 0.3752

[2025-04-28 23:03:42] Trial 92:
[2025-04-28 23:03:42] Weights: {'knn': 0.031892584999480306, 'rf': 0.2554245775510412, 'nn': 0.41656461674612855, 'tabnet': 0.29611822070334987}
[2025-04-28 23:03:42] Accuracy: 0.3752

[2025-04-28 23:03:42] Trial 93:
[2025-04-28 23:03:42] Weights: {'knn': 0.0033569147209808283, 'rf': 0.2990683079611729, 'nn': 0.5252802110813801, 'tabnet': 0.17229456623646622}
[2025-04-28 23:03:42] Accuracy: 0.3735

[2025-04-28 23:03:42] Trial 94:
[2025-04-28 23:03:42] Weights: {'knn': 0.11361792822978292, 'rf': 0.3394337920619993, 'nn': 0.25814304261599935, 'tabnet': 0.2888052370922183}
[2025-04-28 23:03:42] Accuracy: 0.3709

[2025-04-28 23:03:42] Trial 95:
[2025-04-28 23:03:42] Weights: {'knn': 0.1080001053915524, 'rf': 0.2290883886113317, 'nn': 0.3083790372968504, 'tabnet': 0.35453246870026545}
[2025-04-28 23:03:42] Accuracy: 0.3744

[2025-04-28 23:03:42] Trial 96:
[2025-04-28 23:03:42] Weights: {'knn': 0.045335186215949536, 'rf': 0.1196321677367763, 'nn': 0.444360297218059, 'tabnet': 0.39067234882921525}
[2025-04-28 23:03:42] Accuracy: 0.3752

[2025-04-28 23:03:42] Trial 97:
[2025-04-28 23:03:42] Weights: {'knn': 0.1733164329694791, 'rf': 0.23981880820128176, 'nn': 0.306460392266817, 'tabnet': 0.28040436656242196}
[2025-04-28 23:03:42] Accuracy: 0.3718

[2025-04-28 23:03:42] Trial 98:
[2025-04-28 23:03:42] Weights: {'knn': 0.4002065462286135, 'rf': 0.07030045524995697, 'nn': 0.36139013390911373, 'tabnet': 0.1681028646123158}
[2025-04-28 23:03:42] Accuracy: 0.3692

[2025-04-28 23:03:42] Trial 99:
[2025-04-28 23:03:42] Weights: {'knn': 0.081410420367537, 'rf': 0.36849273811879946, 'nn': 0.29634349567579354, 'tabnet': 0.25375334583787}
[2025-04-28 23:03:42] Accuracy: 0.3701

[2025-04-28 23:03:42] 
Best trial:
[2025-04-28 23:03:42] Value: 0.3761
[2025-04-28 23:03:42] Params: {'knn_weight': 0.19660989793770225, 'rf_weight': 0.30584895576575893, 'nn_weight': 0.1790421146872182, 'tabnet_weight': 0.3184990316093207}
