[2025-04-28 10:38:54] Trial 0:
[2025-04-28 10:38:54] Weights: {'knn': 0.036078505402930616, 'rf': 0.3218791789163865, 'nn': 0.2774225289741846, 'tabnet': 0.3646197867064982}
[2025-04-28 10:38:54] Accuracy: 0.5336

[2025-04-28 10:38:54] Trial 1:
[2025-04-28 10:38:54] Weights: {'knn': 0.2931657298299404, 'rf': 0.31882259972008614, 'nn': 0.00036802345353799176, 'tabnet': 0.3876436469964356}
[2025-04-28 10:38:54] Accuracy: 0.5129

[2025-04-28 10:38:54] Trial 2:
[2025-04-28 10:38:54] Weights: {'knn': 0.527505469229383, 'rf': 0.16885857873760474, 'nn': 0.2439866013270049, 'tabnet': 0.0596493507060073}
[2025-04-28 10:38:54] Accuracy: 0.4707

[2025-04-28 10:38:54] Trial 3:
[2025-04-28 10:38:54] Weights: {'knn': 0.3603054905301391, 'rf': 0.3428678309790463, 'nn': 0.24116497940997558, 'tabnet': 0.055661699080839025}
[2025-04-28 10:38:54] Accuracy: 0.5164

[2025-04-28 10:38:54] Trial 4:
[2025-04-28 10:38:54] Weights: {'knn': 0.37153829429448954, 'rf': 0.24651127340451223, 'nn': 0.12832341183413085, 'tabnet': 0.25362702046686736}
[2025-04-28 10:38:54] Accuracy: 0.5181

[2025-04-28 10:38:54] Trial 5:
[2025-04-28 10:38:54] Weights: {'knn': 0.25715919588181696, 'rf': 0.334587761627969, 'nn': 0.11489778421961783, 'tabnet': 0.29335525827059616}
[2025-04-28 10:38:54] Accuracy: 0.5172

[2025-04-28 10:38:54] Trial 6:
[2025-04-28 10:38:54] Weights: {'knn': 0.040464340543912285, 'rf': 0.1411674263253169, 'nn': 0.43867537220377506, 'tabnet': 0.37969286092699583}
[2025-04-28 10:38:54] Accuracy: 0.5379

[2025-04-28 10:38:54] Trial 7:
[2025-04-28 10:38:54] Weights: {'knn': 0.40339248688347085, 'rf': 0.38320910385862966, 'nn': 0.027081674881543987, 'tabnet': 0.18631673437635538}
[2025-04-28 10:38:54] Accuracy: 0.5146

[2025-04-28 10:38:54] Trial 8:
[2025-04-28 10:38:54] Weights: {'knn': 0.33306509569336157, 'rf': 0.09814033041547661, 'nn': 0.21392282733137025, 'tabnet': 0.35487174655979153}
[2025-04-28 10:38:54] Accuracy: 0.5232

[2025-04-28 10:38:54] Trial 9:
[2025-04-28 10:38:54] Weights: {'knn': 0.4192518926269963, 'rf': 0.01127455542490989, 'nn': 0.14022327828899833, 'tabnet': 0.4292502736590954}
[2025-04-28 10:38:54] Accuracy: 0.5232

[2025-04-28 10:38:54] Trial 10:
[2025-04-28 10:38:54] Weights: {'knn': 0.06317109700812788, 'rf': 0.14529688654113324, 'nn': 0.4763721761453725, 'tabnet': 0.31515984030536637}
[2025-04-28 10:38:54] Accuracy: 0.5327

[2025-04-28 10:38:54] Trial 11:
[2025-04-28 10:38:54] Weights: {'knn': 0.005848510497535097, 'rf': 0.2898528763027895, 'nn': 0.39308666331580205, 'tabnet': 0.3112119498838733}
[2025-04-28 10:38:54] Accuracy: 0.5379

[2025-04-28 10:38:54] Trial 12:
[2025-04-28 10:38:54] Weights: {'knn': 0.11879286035150952, 'rf': 0.21980928816534256, 'nn': 0.3690942671379707, 'tabnet': 0.29230358434517734}
[2025-04-28 10:38:54] Accuracy: 0.5370

[2025-04-28 10:38:54] Trial 13:
[2025-04-28 10:38:54] Weights: {'knn': 0.15654506434757803, 'rf': 0.3279961227434558, 'nn': 0.3645895068269282, 'tabnet': 0.150869306082038}
[2025-04-28 10:38:54] Accuracy: 0.5336

[2025-04-28 10:38:54] Trial 14:
[2025-04-28 10:38:54] Weights: {'knn': 0.005912165306059515, 'rf': 0.0013282819981991665, 'nn': 0.5742502885759272, 'tabnet': 0.41850926411981415}
[2025-04-28 10:38:54] Accuracy: 0.5232

[2025-04-28 10:38:54] Trial 15:
[2025-04-28 10:38:54] Weights: {'knn': 0.13893718331709534, 'rf': 0.20220405734789706, 'nn': 0.4267499712635309, 'tabnet': 0.23210878807147678}
[2025-04-28 10:38:54] Accuracy: 0.5370

[2025-04-28 10:38:54] Trial 16:
[2025-04-28 10:38:54] Weights: {'knn': 0.20589528222437267, 'rf': 0.2910176090825785, 'nn': 0.3814755282305467, 'tabnet': 0.1216115804625023}
[2025-04-28 10:38:54] Accuracy: 0.5336

[2025-04-28 10:38:54] Trial 17:
[2025-04-28 10:38:54] Weights: {'knn': 0.08076953159823086, 'rf': 0.0662765609663758, 'nn': 0.39180548488806727, 'tabnet': 0.46114842254732613}
[2025-04-28 10:38:54] Accuracy: 0.5275

[2025-04-28 10:38:54] Trial 18:
[2025-04-28 10:38:54] Weights: {'knn': 0.1952449114978504, 'rf': 0.18152827776701422, 'nn': 0.37739810792747597, 'tabnet': 0.2458287028076595}
[2025-04-28 10:38:54] Accuracy: 0.5361

[2025-04-28 10:38:54] Trial 19:
[2025-04-28 10:38:54] Weights: {'knn': 0.2571106386575816, 'rf': 0.08374098659592935, 'nn': 0.2993884272679911, 'tabnet': 0.35975994747849793}
[2025-04-28 10:38:54] Accuracy: 0.5310

[2025-04-28 10:38:54] Trial 20:
[2025-04-28 10:38:54] Weights: {'knn': 0.06991503194752254, 'rf': 0.273857205458667, 'nn': 0.31784373125118337, 'tabnet': 0.33838403134262707}
[2025-04-28 10:38:54] Accuracy: 0.5310

[2025-04-28 10:38:54] Trial 21:
[2025-04-28 10:38:54] Weights: {'knn': 0.1343303435646039, 'rf': 0.25158593846191907, 'nn': 0.3516225808130586, 'tabnet': 0.2624611371604184}
[2025-04-28 10:38:54] Accuracy: 0.5336

[2025-04-28 10:38:54] Trial 22:
[2025-04-28 10:38:54] Weights: {'knn': 0.01825747163712776, 'rf': 0.20335068780801585, 'nn': 0.43408203211424823, 'tabnet': 0.3443098084406081}
[2025-04-28 10:38:54] Accuracy: 0.5379

[2025-04-28 10:38:54] Trial 23:
[2025-04-28 10:38:54] Weights: {'knn': 0.0026137521260142975, 'rf': 0.22760383614890423, 'nn': 0.4453025379162034, 'tabnet': 0.32447987380887816}
[2025-04-28 10:38:54] Accuracy: 0.5379

[2025-04-28 10:38:54] Trial 24:
[2025-04-28 10:38:54] Weights: {'knn': 0.05624557255090534, 'rf': 0.19853910442026632, 'nn': 0.4065352548638497, 'tabnet': 0.3386800681649787}
[2025-04-28 10:38:54] Accuracy: 0.5379

[2025-04-28 10:38:54] Trial 25:
[2025-04-28 10:38:54] Weights: {'knn': 0.08225388030094828, 'rf': 0.15742969431102483, 'nn': 0.45084645118392597, 'tabnet': 0.30946997420410094}
[2025-04-28 10:38:54] Accuracy: 0.5370

[2025-04-28 10:38:54] Trial 26:
[2025-04-28 10:38:54] Weights: {'knn': 0.06564347090611448, 'rf': 0.13966435560142296, 'nn': 0.4810067715799904, 'tabnet': 0.3136854019124722}
[2025-04-28 10:38:54] Accuracy: 0.5327

[2025-04-28 10:38:54] Trial 27:
[2025-04-28 10:38:54] Weights: {'knn': 0.15258428314104033, 'rf': 0.223370468144579, 'nn': 0.26938544468765113, 'tabnet': 0.35465980402672953}
[2025-04-28 10:38:54] Accuracy: 0.5284

[2025-04-28 10:38:54] Trial 28:
[2025-04-28 10:38:54] Weights: {'knn': 0.03831328425034831, 'rf': 0.18164067365936207, 'nn': 0.4736704632793567, 'tabnet': 0.3063755788109329}
[2025-04-28 10:38:54] Accuracy: 0.5370

[2025-04-28 10:38:54] Trial 29:
[2025-04-28 10:38:54] Weights: {'knn': 0.004060485901807372, 'rf': 0.255034750473362, 'nn': 0.445910205697, 'tabnet': 0.2949945579278306}
[2025-04-28 10:38:54] Accuracy: 0.5379

[2025-04-28 10:38:54] Trial 30:
[2025-04-28 10:38:54] Weights: {'knn': 0.14909714285956938, 'rf': 0.3047601994000603, 'nn': 0.22864931215854864, 'tabnet': 0.3174933455818217}
[2025-04-28 10:38:54] Accuracy: 0.5310

[2025-04-28 10:38:54] Trial 31:
[2025-04-28 10:38:54] Weights: {'knn': 0.0012219442529247384, 'rf': 0.24608530299513853, 'nn': 0.436578454471661, 'tabnet': 0.3161142982802757}
[2025-04-28 10:38:54] Accuracy: 0.5379

[2025-04-28 10:38:54] Trial 32:
[2025-04-28 10:38:54] Weights: {'knn': 0.04708336290733567, 'rf': 0.2053622642173308, 'nn': 0.3993115612911769, 'tabnet': 0.3482428115841566}
[2025-04-28 10:38:54] Accuracy: 0.5379

[2025-04-28 10:38:54] Trial 33:
[2025-04-28 10:38:54] Weights: {'knn': 0.09593705758435801, 'rf': 0.3127272571233045, 'nn': 0.22262962061827452, 'tabnet': 0.36870606467406297}
[2025-04-28 10:38:54] Accuracy: 0.5301

[2025-04-28 10:38:54] Trial 34:
[2025-04-28 10:38:54] Weights: {'knn': 0.030680289626425515, 'rf': 0.12357712822892453, 'nn': 0.44472195843570694, 'tabnet': 0.4010206237089431}
[2025-04-28 10:38:54] Accuracy: 0.5379

[2025-04-28 10:38:54] Trial 35:
[2025-04-28 10:38:54] Weights: {'knn': 0.07366006843267053, 'rf': 0.25968159465516877, 'nn': 0.4180863908594588, 'tabnet': 0.24857194605270197}
[2025-04-28 10:38:54] Accuracy: 0.5379

[2025-04-28 10:38:54] Trial 36:
[2025-04-28 10:38:54] Weights: {'knn': 0.14773644300399288, 'rf': 0.13946963793565964, 'nn': 0.5654659928187482, 'tabnet': 0.14732792624159924}
[2025-04-28 10:38:54] Accuracy: 0.5232

[2025-04-28 10:38:54] Trial 37:
[2025-04-28 10:38:54] Weights: {'knn': 0.0019020040525864394, 'rf': 0.07831241275868119, 'nn': 0.5018834458828003, 'tabnet': 0.4179021373059321}
[2025-04-28 10:38:54] Accuracy: 0.5232

[2025-04-28 10:38:55] Trial 38:
[2025-04-28 10:38:55] Weights: {'knn': 0.32292818751456975, 'rf': 0.15735594705385283, 'nn': 0.3127889036633705, 'tabnet': 0.2069269617682071}
[2025-04-28 10:38:55] Accuracy: 0.5275

[2025-04-28 10:38:55] Trial 39:
[2025-04-28 10:38:55] Weights: {'knn': 0.13371712424050738, 'rf': 0.5802444112375424, 'nn': 0.2764642412250735, 'tabnet': 0.009574223296876646}
[2025-04-28 10:38:55] Accuracy: 0.5146

[2025-04-28 10:38:55] Trial 40:
[2025-04-28 10:38:55] Weights: {'knn': 0.07325282782573518, 'rf': 0.3232889763190219, 'nn': 0.21103219358728917, 'tabnet': 0.39242600226795377}
[2025-04-28 10:38:55] Accuracy: 0.5301

[2025-04-28 10:38:55] Trial 41:
[2025-04-28 10:38:55] Weights: {'knn': 0.025754727370142918, 'rf': 0.19136614174813105, 'nn': 0.4257602643757283, 'tabnet': 0.3571188665059978}
[2025-04-28 10:38:55] Accuracy: 0.5379

[2025-04-28 10:38:55] Trial 42:
[2025-04-28 10:38:55] Weights: {'knn': 0.026227042365551876, 'rf': 0.22415121878387334, 'nn': 0.42959400627029853, 'tabnet': 0.32002773258027617}
[2025-04-28 10:38:55] Accuracy: 0.5379

[2025-04-28 10:38:55] Trial 43:
[2025-04-28 10:38:55] Weights: {'knn': 0.04690822614826687, 'rf': 0.25031860384893123, 'nn': 0.3702738432666895, 'tabnet': 0.33249932673611243}
[2025-04-28 10:38:55] Accuracy: 0.5370

[2025-04-28 10:38:55] Trial 44:
[2025-04-28 10:38:55] Weights: {'knn': 0.2959167371468155, 'rf': 0.11184628277866261, 'nn': 0.3199309552792511, 'tabnet': 0.27230602479527083}
[2025-04-28 10:38:55] Accuracy: 0.5301

[2025-04-28 10:38:55] Trial 45:
[2025-04-28 10:38:55] Weights: {'knn': 0.06322517943984263, 'rf': 0.1913036841380779, 'nn': 0.35051846430665656, 'tabnet': 0.394952672115423}
[2025-04-28 10:38:55] Accuracy: 0.5344

[2025-04-28 10:38:55] Trial 46:
[2025-04-28 10:38:55] Weights: {'knn': 0.01491106805030102, 'rf': 0.14303901251873252, 'nn': 0.47560884216358207, 'tabnet': 0.3664410772673844}
[2025-04-28 10:38:55] Accuracy: 0.5379

[2025-04-28 10:38:55] Trial 47:
[2025-04-28 10:38:55] Weights: {'knn': 0.111801586583299, 'rf': 0.17008384648306143, 'nn': 0.434325024106459, 'tabnet': 0.28378954282718055}
[2025-04-28 10:38:55] Accuracy: 0.5370

[2025-04-28 10:38:55] Trial 48:
[2025-04-28 10:38:55] Weights: {'knn': 0.0798839819391663, 'rf': 0.27075012476000615, 'nn': 0.39108365830750963, 'tabnet': 0.2582822349933179}
[2025-04-28 10:38:55] Accuracy: 0.5379

[2025-04-28 10:38:55] Trial 49:
[2025-04-28 10:38:55] Weights: {'knn': 0.059649906358489, 'rf': 0.42062437813010106, 'nn': 0.028606565420835794, 'tabnet': 0.49111915009057416}
[2025-04-28 10:38:55] Accuracy: 0.5267

[2025-04-28 10:38:55] Trial 50:
[2025-04-28 10:38:55] Weights: {'knn': 0.01823188207914744, 'rf': 0.2780343145842181, 'nn': 0.3816217822186036, 'tabnet': 0.3221120211180309}
[2025-04-28 10:38:55] Accuracy: 0.5379

[2025-04-28 10:38:55] Trial 51:
[2025-04-28 10:38:55] Weights: {'knn': 0.010185676791239249, 'rf': 0.2526760572751344, 'nn': 0.4416012000565705, 'tabnet': 0.295537065877056}
[2025-04-28 10:38:55] Accuracy: 0.5379

[2025-04-28 10:38:55] Trial 52:
[2025-04-28 10:38:55] Weights: {'knn': 0.05307381084086598, 'rf': 0.22914546439549466, 'nn': 0.43349899921784857, 'tabnet': 0.28428172554579073}
[2025-04-28 10:38:55] Accuracy: 0.5379

[2025-04-28 10:38:55] Trial 53:
[2025-04-28 10:38:55] Weights: {'knn': 0.0013727745707881375, 'rf': 0.23883522640568955, 'nn': 0.5160482815595624, 'tabnet': 0.24374371746396}
[2025-04-28 10:38:55] Accuracy: 0.5232

[2025-04-28 10:38:55] Trial 54:
[2025-04-28 10:38:55] Weights: {'knn': 0.024086108103098608, 'rf': 0.2662098412464211, 'nn': 0.43148113690099077, 'tabnet': 0.2782229137494895}
[2025-04-28 10:38:55] Accuracy: 0.5379

[2025-04-28 10:38:55] Trial 55:
[2025-04-28 10:38:55] Weights: {'knn': 0.055687120697663656, 'rf': 0.17729352727746406, 'nn': 0.46174235024786026, 'tabnet': 0.30527700177701184}
[2025-04-28 10:38:55] Accuracy: 0.5370

[2025-04-28 10:38:55] Trial 56:
[2025-04-28 10:38:55] Weights: {'knn': 0.0372751220496032, 'rf': 0.3222247007616953, 'nn': 0.36234684959045604, 'tabnet': 0.2781533275982453}
[2025-04-28 10:38:55] Accuracy: 0.5379

[2025-04-28 10:38:55] Trial 57:
[2025-04-28 10:38:55] Weights: {'knn': 0.0686614159489918, 'rf': 0.2310834574223987, 'nn': 0.36722889159237704, 'tabnet': 0.3330262350362326}
[2025-04-28 10:38:55] Accuracy: 0.5370

[2025-04-28 10:38:55] Trial 58:
[2025-04-28 10:38:55] Weights: {'knn': 0.12880894161402437, 'rf': 0.17730102483662846, 'nn': 0.37589043668097716, 'tabnet': 0.31799959686836987}
[2025-04-28 10:38:55] Accuracy: 0.5361

[2025-04-28 10:38:55] Trial 59:
[2025-04-28 10:38:55] Weights: {'knn': 0.290935925196002, 'rf': 0.11276225558695513, 'nn': 0.3907714672449904, 'tabnet': 0.20553035197205255}
[2025-04-28 10:38:55] Accuracy: 0.5284

[2025-04-28 10:38:55] Trial 60:
[2025-04-28 10:38:55] Weights: {'knn': 0.023460362634470835, 'rf': 0.18115560589857402, 'nn': 0.3763955283621685, 'tabnet': 0.4189885031047867}
[2025-04-28 10:38:55] Accuracy: 0.5336

[2025-04-28 10:38:55] Trial 61:
[2025-04-28 10:38:55] Weights: {'knn': 0.0010201474455305778, 'rf': 0.2577356754113267, 'nn': 0.4266876650566621, 'tabnet': 0.31455651208648056}
[2025-04-28 10:38:55] Accuracy: 0.5379

[2025-04-28 10:38:55] Trial 62:
[2025-04-28 10:38:55] Weights: {'knn': 0.0009272149563161019, 'rf': 0.2997577743518221, 'nn': 0.4537823214314699, 'tabnet': 0.24553268926039193}
[2025-04-28 10:38:55] Accuracy: 0.5379

[2025-04-28 10:38:55] Trial 63:
[2025-04-28 10:38:55] Weights: {'knn': 0.061178231147372704, 'rf': 0.15853941791794582, 'nn': 0.46380019881155554, 'tabnet': 0.316482152123126}
[2025-04-28 10:38:55] Accuracy: 0.5370

[2025-04-28 10:38:55] Trial 64:
[2025-04-28 10:38:55] Weights: {'knn': 0.10186920794445573, 'rf': 0.19281714519444967, 'nn': 0.38143619458945804, 'tabnet': 0.32387745227163656}
[2025-04-28 10:38:55] Accuracy: 0.5370

[2025-04-28 10:38:55] Trial 65:
[2025-04-28 10:38:55] Weights: {'knn': 0.21627164390604803, 'rf': 0.22414278774131505, 'nn': 0.3572841693385991, 'tabnet': 0.20230139901403776}
[2025-04-28 10:38:55] Accuracy: 0.5327

[2025-04-28 10:38:55] Trial 66:
[2025-04-28 10:38:55] Weights: {'knn': 0.017115945754471517, 'rf': 0.17399534874432931, 'nn': 0.4289971781155079, 'tabnet': 0.3798915273856912}
[2025-04-28 10:38:55] Accuracy: 0.5379

[2025-04-28 10:38:55] Trial 67:
[2025-04-28 10:38:55] Weights: {'knn': 0.06563232514292804, 'rf': 0.3077417601992418, 'nn': 0.3296915510119884, 'tabnet': 0.2969343636458417}
[2025-04-28 10:38:55] Accuracy: 0.5336

[2025-04-28 10:38:55] Trial 68:
[2025-04-28 10:38:55] Weights: {'knn': 0.13697342094322323, 'rf': 0.4121488293644524, 'nn': 0.3077605378345928, 'tabnet': 0.14311721185773155}
[2025-04-28 10:38:55] Accuracy: 0.5207

[2025-04-28 10:38:55] Trial 69:
[2025-04-28 10:38:55] Weights: {'knn': 0.033763971432158715, 'rf': 0.40774400784898285, 'nn': 0.2967546211287469, 'tabnet': 0.26173739959011155}
[2025-04-28 10:38:55] Accuracy: 0.5293

[2025-04-28 10:38:55] Trial 70:
[2025-04-28 10:38:55] Weights: {'knn': 0.024434317566796863, 'rf': 0.11106488487304811, 'nn': 0.3973411411576528, 'tabnet': 0.4671596564025023}
[2025-04-28 10:38:55] Accuracy: 0.5336

[2025-04-28 10:38:55] Trial 71:
[2025-04-28 10:38:55] Weights: {'knn': 0.043573698675537204, 'rf': 0.21373976008179388, 'nn': 0.4034959981096987, 'tabnet': 0.33919054313297015}
[2025-04-28 10:38:55] Accuracy: 0.5379

[2025-04-28 10:38:55] Trial 72:
[2025-04-28 10:38:55] Weights: {'knn': 0.059630895466020205, 'rf': 0.1579982147408342, 'nn': 0.41593498175537325, 'tabnet': 0.3664359080377724}
[2025-04-28 10:38:55] Accuracy: 0.5370

[2025-04-28 10:38:55] Trial 73:
[2025-04-28 10:38:55] Weights: {'knn': 0.07837982325189512, 'rf': 0.15900797611405074, 'nn': 0.4306771117860954, 'tabnet': 0.3319350888479587}
[2025-04-28 10:38:55] Accuracy: 0.5370

[2025-04-28 10:38:55] Trial 74:
[2025-04-28 10:38:55] Weights: {'knn': 0.33480302749663315, 'rf': 0.21695669670222653, 'nn': 0.21418795048031108, 'tabnet': 0.23405232532082915}
[2025-04-28 10:38:55] Accuracy: 0.5172

[2025-04-28 10:38:55] Trial 75:
[2025-04-28 10:38:55] Weights: {'knn': 0.03884904180068144, 'rf': 0.31363990094169064, 'nn': 0.1550840824522861, 'tabnet': 0.49242697480534187}
[2025-04-28 10:38:55] Accuracy: 0.5267

[2025-04-28 10:38:55] Trial 76:
[2025-04-28 10:38:55] Weights: {'knn': 0.06114109058790716, 'rf': 0.20904210403160323, 'nn': 0.4120940329264298, 'tabnet': 0.3177227724540599}
[2025-04-28 10:38:55] Accuracy: 0.5379

[2025-04-28 10:38:55] Trial 77:
[2025-04-28 10:38:55] Weights: {'knn': 0.018995994067922427, 'rf': 0.25951882181139135, 'nn': 0.30320699596836914, 'tabnet': 0.4182781881523171}
[2025-04-28 10:38:55] Accuracy: 0.5336

[2025-04-28 10:38:55] Trial 78:
[2025-04-28 10:38:55] Weights: {'knn': 0.09939509582088726, 'rf': 0.18299028106504656, 'nn': 0.45637843416133156, 'tabnet': 0.26123618895273476}
[2025-04-28 10:38:55] Accuracy: 0.5327

[2025-04-28 10:38:55] Trial 79:
[2025-04-28 10:38:55] Weights: {'knn': 0.010813583919384926, 'rf': 0.1109361956304234, 'nn': 0.43752340756727587, 'tabnet': 0.4407268128829157}
[2025-04-28 10:38:55] Accuracy: 0.5344

[2025-04-28 10:38:55] Trial 80:
[2025-04-28 10:38:55] Weights: {'knn': 0.2760191570603084, 'rf': 0.27972902281061945, 'nn': 0.09666468386784693, 'tabnet': 0.34758713626122517}
[2025-04-28 10:38:55] Accuracy: 0.5181

[2025-04-28 10:38:55] Trial 81:
[2025-04-28 10:38:55] Weights: {'knn': 0.040749284405339196, 'rf': 0.12762937572510588, 'nn': 0.43904373854945644, 'tabnet': 0.39257760132009856}
[2025-04-28 10:38:55] Accuracy: 0.5379

[2025-04-28 10:38:55] Trial 82:
[2025-04-28 10:38:55] Weights: {'knn': 0.026719969725584585, 'rf': 0.11537515019641699, 'nn': 0.45786536819994533, 'tabnet': 0.4000395118780531}
[2025-04-28 10:38:55] Accuracy: 0.5379

[2025-04-28 10:38:56] Trial 83:
[2025-04-28 10:38:56] Weights: {'knn': 0.044984970057690164, 'rf': 0.15399758988921494, 'nn': 0.42318885793446176, 'tabnet': 0.3778285821186331}
[2025-04-28 10:38:56] Accuracy: 0.5379

[2025-04-28 10:38:56] Trial 84:
[2025-04-28 10:38:56] Weights: {'knn': 0.008651358574261511, 'rf': 0.1031201014902953, 'nn': 0.5085174388397926, 'tabnet': 0.37971110109565065}
[2025-04-28 10:38:56] Accuracy: 0.5232

[2025-04-28 10:38:56] Trial 85:
[2025-04-28 10:38:56] Weights: {'knn': 0.057615783597811845, 'rf': 0.188512429335168, 'nn': 0.3608748507336535, 'tabnet': 0.3929969363333667}
[2025-04-28 10:38:56] Accuracy: 0.5344

[2025-04-28 10:38:56] Trial 86:
[2025-04-28 10:38:56] Weights: {'knn': 0.07311600110461539, 'rf': 0.1726201981064435, 'nn': 0.39614188234868203, 'tabnet': 0.35812191844025903}
[2025-04-28 10:38:56] Accuracy: 0.5370

[2025-04-28 10:38:56] Trial 87:
[2025-04-28 10:38:56] Weights: {'knn': 0.033630715862899487, 'rf': 0.19234967959633387, 'nn': 0.4045819143357162, 'tabnet': 0.36943769020505035}
[2025-04-28 10:38:56] Accuracy: 0.5379

[2025-04-28 10:38:56] Trial 88:
[2025-04-28 10:38:56] Weights: {'knn': 0.010303049531428727, 'rf': 0.2541974176615692, 'nn': 0.43082634304615397, 'tabnet': 0.3046731897608481}
[2025-04-28 10:38:56] Accuracy: 0.5379

[2025-04-28 10:38:56] Trial 89:
[2025-04-28 10:38:56] Weights: {'knn': 0.05126928397892084, 'rf': 0.289223055544282, 'nn': 0.38510976796404517, 'tabnet': 0.27439789251275204}
[2025-04-28 10:38:56] Accuracy: 0.5379

[2025-04-28 10:38:56] Trial 90:
[2025-04-28 10:38:56] Weights: {'knn': 0.03159267935310841, 'rf': 0.13532376057688622, 'nn': 0.39812679992185385, 'tabnet': 0.43495676014815166}
[2025-04-28 10:38:56] Accuracy: 0.5336

[2025-04-28 10:38:56] Trial 91:
[2025-04-28 10:38:56] Weights: {'knn': 0.11734022337688801, 'rf': 0.24863549981553904, 'nn': 0.39592314246114, 'tabnet': 0.23810113434643293}
[2025-04-28 10:38:56] Accuracy: 0.5370

[2025-04-28 10:38:56] Trial 92:
[2025-04-28 10:38:56] Weights: {'knn': 0.07601628961224603, 'rf': 0.2542255180173398, 'nn': 0.44513326431475053, 'tabnet': 0.22462492805566373}
[2025-04-28 10:38:56] Accuracy: 0.5370

[2025-04-28 10:38:56] Trial 93:
[2025-04-28 10:38:56] Weights: {'knn': 0.05977125157427992, 'rf': 0.18995121857237218, 'nn': 0.46507533699969744, 'tabnet': 0.2852021928536504}
[2025-04-28 10:38:56] Accuracy: 0.5370

[2025-04-28 10:38:56] Trial 94:
[2025-04-28 10:38:56] Weights: {'knn': 0.0018571442748272133, 'rf': 0.26930434956868887, 'nn': 0.48432088919123395, 'tabnet': 0.2445176169652499}
[2025-04-28 10:38:56] Accuracy: 0.5379

[2025-04-28 10:38:56] Trial 95:
[2025-04-28 10:38:56] Weights: {'knn': 0.02646698386147046, 'rf': 0.2937785485572076, 'nn': 0.5933112689241602, 'tabnet': 0.08644319865716184}
[2025-04-28 10:38:56] Accuracy: 0.5232

[2025-04-28 10:38:56] Trial 96:
[2025-04-28 10:38:56] Weights: {'knn': 0.09545442897900215, 'rf': 0.17132065314253814, 'nn': 0.3505258591717872, 'tabnet': 0.38269905870667253}
[2025-04-28 10:38:56] Accuracy: 0.5344

[2025-04-28 10:38:56] Trial 97:
[2025-04-28 10:38:56] Weights: {'knn': 0.07700384449781407, 'rf': 0.3396553086120212, 'nn': 0.26724161607856156, 'tabnet': 0.31609923081160307}
[2025-04-28 10:38:56] Accuracy: 0.5301

[2025-04-28 10:38:56] Trial 98:
[2025-04-28 10:38:56] Weights: {'knn': 0.011440571041335347, 'rf': 0.28701806283480286, 'nn': 0.36974964828367174, 'tabnet': 0.33179171784019}
[2025-04-28 10:38:56] Accuracy: 0.5379

[2025-04-28 10:38:56] Trial 99:
[2025-04-28 10:38:56] Weights: {'knn': 0.030973975676514148, 'rf': 0.20911604250582885, 'nn': 0.3948060396464755, 'tabnet': 0.36510394217118164}
[2025-04-28 10:38:56] Accuracy: 0.5370

[2025-04-28 10:38:56] 
Best trial:
[2025-04-28 10:38:56] Value: 0.5379
[2025-04-28 10:38:56] Params: {'knn_weight': 0.08142463727630012, 'rf_weight': 0.2840650886499386, 'nn_weight': 0.8827274232969583, 'tabnet_weight': 0.7640394743077694}
