[2025-04-28 23:03:37] Trial 0:
[2025-04-28 23:03:37] Weights: {'knn': 0.29697954143174143, 'rf': 0.29815624861373163, 'nn': 0.06413531721191526, 'tabnet': 0.3407288927426117}
[2025-04-28 23:03:37] Accuracy: 0.5181

[2025-04-28 23:03:37] Trial 1:
[2025-04-28 23:03:37] Weights: {'knn': 0.42840408361639115, 'rf': 0.2068170057997861, 'nn': 0.2111876822200482, 'tabnet': 0.1535912283637745}
[2025-04-28 23:03:37] Accuracy: 0.5060

[2025-04-28 23:03:37] Trial 2:
[2025-04-28 23:03:37] Weights: {'knn': 0.14870220633088815, 'rf': 0.1959812254203588, 'nn': 0.32983249633391126, 'tabnet': 0.32548407191484185}
[2025-04-28 23:03:37] Accuracy: 0.5336

[2025-04-28 23:03:37] Trial 3:
[2025-04-28 23:03:37] Weights: {'knn': 0.21447789053168656, 'rf': 0.2837287772806933, 'nn': 0.2357555455213741, 'tabnet': 0.26603778666624606}
[2025-04-28 23:03:37] Accuracy: 0.5301

[2025-04-28 23:03:37] Trial 4:
[2025-04-28 23:03:37] Weights: {'knn': 0.23056536407702938, 'rf': 0.17707803130031127, 'nn': 0.47101969427426404, 'tabnet': 0.12133691034839535}
[2025-04-28 23:03:37] Accuracy: 0.5327

[2025-04-28 23:03:37] Trial 5:
[2025-04-28 23:03:37] Weights: {'knn': 0.42721031868996556, 'rf': 0.043900248701947024, 'nn': 0.13713475664509073, 'tabnet': 0.3917546759629966}
[2025-04-28 23:03:37] Accuracy: 0.5250

[2025-04-28 23:03:37] Trial 6:
[2025-04-28 23:03:37] Weights: {'knn': 0.12138145774358662, 'rf': 0.3389564853347554, 'nn': 0.22885758561086778, 'tabnet': 0.31080447131079014}
[2025-04-28 23:03:37] Accuracy: 0.5301

[2025-04-28 23:03:37] Trial 7:
[2025-04-28 23:03:37] Weights: {'knn': 0.2335112641061888, 'rf': 0.09397461430903405, 'nn': 0.45791631376509695, 'tabnet': 0.21459780781968035}
[2025-04-28 23:03:37] Accuracy: 0.5327

[2025-04-28 23:03:37] Trial 8:
[2025-04-28 23:03:37] Weights: {'knn': 0.21824122945898153, 'rf': 0.3115096982591953, 'nn': 0.23876494878295246, 'tabnet': 0.23148412349887065}
[2025-04-28 23:03:37] Accuracy: 0.5198

[2025-04-28 23:03:37] Trial 9:
[2025-04-28 23:03:37] Weights: {'knn': 0.06658941530504328, 'rf': 0.7145735680342575, 'nn': 0.17049016182182483, 'tabnet': 0.04834685483887463}
[2025-04-28 23:03:37] Accuracy: 0.5146

[2025-04-28 23:03:37] Trial 10:
[2025-04-28 23:03:37] Weights: {'knn': 0.05748323880984546, 'rf': 0.26392280671865315, 'nn': 0.41580437315035634, 'tabnet': 0.26278958132114505}
[2025-04-28 23:03:37] Accuracy: 0.5379

[2025-04-28 23:03:37] Trial 11:
[2025-04-28 23:03:37] Weights: {'knn': 0.03696207817360044, 'rf': 0.26749558171808113, 'nn': 0.43022771047827424, 'tabnet': 0.2653146296300443}
[2025-04-28 23:03:37] Accuracy: 0.5379

[2025-04-28 23:03:37] Trial 12:
[2025-04-28 23:03:37] Weights: {'knn': 0.0024294671241524403, 'rf': 0.2924101585671289, 'nn': 0.43679667324263444, 'tabnet': 0.2683637010660843}
[2025-04-28 23:03:37] Accuracy: 0.5379

[2025-04-28 23:03:37] Trial 13:
[2025-04-28 23:03:37] Weights: {'knn': 0.07086840615526166, 'rf': 0.25819769661284087, 'nn': 0.40425056351498106, 'tabnet': 0.26668333371691644}
[2025-04-28 23:03:37] Accuracy: 0.5379

[2025-04-28 23:03:37] Trial 14:
[2025-04-28 23:03:37] Weights: {'knn': 0.09546469645347647, 'rf': 0.3780513318144728, 'nn': 0.31084076503392694, 'tabnet': 0.21564320669812378}
[2025-04-28 23:03:37] Accuracy: 0.5310

[2025-04-28 23:03:37] Trial 15:
[2025-04-28 23:03:37] Weights: {'knn': 0.12119204515352958, 'rf': 0.1337906970863512, 'nn': 0.4452279257870854, 'tabnet': 0.29978933197303365}
[2025-04-28 23:03:37] Accuracy: 0.5327

[2025-04-28 23:03:37] Trial 16:
[2025-04-28 23:03:37] Weights: {'knn': 0.30694859243096595, 'rf': 0.2894694967685927, 'nn': 0.03655916561712273, 'tabnet': 0.3670227451833186}
[2025-04-28 23:03:37] Accuracy: 0.5129

[2025-04-28 23:03:37] Trial 17:
[2025-04-28 23:03:37] Weights: {'knn': 0.007672318294868332, 'rf': 0.3411372357362019, 'nn': 0.4267551439255945, 'tabnet': 0.22443530204333528}
[2025-04-28 23:03:37] Accuracy: 0.5379

[2025-04-28 23:03:37] Trial 18:
[2025-04-28 23:03:37] Weights: {'knn': 0.1122411468142097, 'rf': 0.1957656415832023, 'nn': 0.27173119262828616, 'tabnet': 0.4202620189743018}
[2025-04-28 23:03:37] Accuracy: 0.5310

[2025-04-28 23:03:37] Trial 19:
[2025-04-28 23:03:37] Weights: {'knn': 0.06887182940918676, 'rf': 0.497141515732623, 'nn': 0.4182801431854103, 'tabnet': 0.01570651167277998}
[2025-04-28 23:03:37] Accuracy: 0.5164

[2025-04-28 23:03:37] Trial 20:
[2025-04-28 23:03:37] Weights: {'knn': 0.24758107131848245, 'rf': 0.2820033924131939, 'nn': 0.39257543280240603, 'tabnet': 0.07784010346591758}
[2025-04-28 23:03:37] Accuracy: 0.5189

[2025-04-28 23:03:37] Trial 21:
[2025-04-28 23:03:37] Weights: {'knn': 0.0025355701472970504, 'rf': 0.3038557838970888, 'nn': 0.4238027369552793, 'tabnet': 0.26980590900033496}
[2025-04-28 23:03:37] Accuracy: 0.5379

[2025-04-28 23:03:37] Trial 22:
[2025-04-28 23:03:37] Weights: {'knn': 0.0422332692364632, 'rf': 0.2641781732146579, 'nn': 0.4335216936757685, 'tabnet': 0.2600668638731105}
[2025-04-28 23:03:37] Accuracy: 0.5379

[2025-04-28 23:03:37] Trial 23:
[2025-04-28 23:03:37] Weights: {'knn': 0.00333158839995885, 'rf': 0.35646376726186924, 'nn': 0.40780052799460126, 'tabnet': 0.23240411634357072}
[2025-04-28 23:03:37] Accuracy: 0.5379

[2025-04-28 23:03:37] Trial 24:
[2025-04-28 23:03:37] Weights: {'knn': 0.0539638306724998, 'rf': 0.20242175953816804, 'nn': 0.3861503761410018, 'tabnet': 0.35746403364833035}
[2025-04-28 23:03:37] Accuracy: 0.5370

[2025-04-28 23:03:37] Trial 25:
[2025-04-28 23:03:37] Weights: {'knn': 0.13263368576843107, 'rf': 0.25514308582884504, 'nn': 0.437751761902002, 'tabnet': 0.1744714665007219}
[2025-04-28 23:03:37] Accuracy: 0.5327

[2025-04-28 23:03:37] Trial 26:
[2025-04-28 23:03:37] Weights: {'knn': 0.07810706537242179, 'rf': 0.3562225873573254, 'nn': 0.2980543087180259, 'tabnet': 0.26761603855222676}
[2025-04-28 23:03:37] Accuracy: 0.5310

[2025-04-28 23:03:37] Trial 27:
[2025-04-28 23:03:37] Weights: {'knn': 0.044239949745529784, 'rf': 0.1665537316120309, 'nn': 0.497447259405142, 'tabnet': 0.2917590592372973}
[2025-04-28 23:03:37] Accuracy: 0.5327

[2025-04-28 23:03:37] Trial 28:
[2025-04-28 23:03:37] Weights: {'knn': 0.07613211646139904, 'rf': 0.28070041804047174, 'nn': 0.24143792865179278, 'tabnet': 0.4017295368463363}
[2025-04-28 23:03:37] Accuracy: 0.5336

[2025-04-28 23:03:37] Trial 29:
[2025-04-28 23:03:37] Weights: {'knn': 0.02418626267199235, 'rf': 0.33316434239430226, 'nn': 0.325700024994566, 'tabnet': 0.3169493699391394}
[2025-04-28 23:03:37] Accuracy: 0.5301

[2025-04-28 23:03:38] Trial 30:
[2025-04-28 23:03:38] Weights: {'knn': 0.08355250239917426, 'rf': 0.24674411330796395, 'nn': 0.3480626380366436, 'tabnet': 0.32164074625621814}
[2025-04-28 23:03:38] Accuracy: 0.5370

[2025-04-28 23:03:38] Trial 31:
[2025-04-28 23:03:38] Weights: {'knn': 0.06838750607960893, 'rf': 0.2647893792659209, 'nn': 0.4010056908234409, 'tabnet': 0.2658174238310292}
[2025-04-28 23:03:38] Accuracy: 0.5379

[2025-04-28 23:03:38] Trial 32:
[2025-04-28 23:03:38] Weights: {'knn': 0.06570669322286299, 'rf': 0.22104595258695425, 'nn': 0.432420112062529, 'tabnet': 0.2808272421276537}
[2025-04-28 23:03:38] Accuracy: 0.5379

[2025-04-28 23:03:38] Trial 33:
[2025-04-28 23:03:38] Weights: {'knn': 0.13819988173022904, 'rf': 0.2889570083178839, 'nn': 0.37095555767557126, 'tabnet': 0.20188755227631588}
[2025-04-28 23:03:38] Accuracy: 0.5336

[2025-04-28 23:03:38] Trial 34:
[2025-04-28 23:03:38] Weights: {'knn': 0.024872119094728754, 'rf': 0.2629672241029205, 'nn': 0.4043710908397811, 'tabnet': 0.3077895659625696}
[2025-04-28 23:03:38] Accuracy: 0.5379

[2025-04-28 23:03:38] Trial 35:
[2025-04-28 23:03:38] Weights: {'knn': 0.16702879750861802, 'rf': 0.2191765476883223, 'nn': 0.36816245901918243, 'tabnet': 0.2456321957838771}
[2025-04-28 23:03:38] Accuracy: 0.5327

[2025-04-28 23:03:38] Trial 36:
[2025-04-28 23:03:38] Weights: {'knn': 0.2510884048013263, 'rf': 0.14125765897012704, 'nn': 0.3261288395820766, 'tabnet': 0.28152509664646985}
[2025-04-28 23:03:38] Accuracy: 0.5301

[2025-04-28 23:03:38] Trial 37:
[2025-04-28 23:03:38] Weights: {'knn': 0.3650574882765796, 'rf': 0.29500226814580355, 'nn': 0.14799834542757395, 'tabnet': 0.19194189815004295}
[2025-04-28 23:03:38] Accuracy: 0.5138

[2025-04-28 23:03:38] Trial 38:
[2025-04-28 23:03:38] Weights: {'knn': 0.13358023332104374, 'rf': 0.0006666042290888709, 'nn': 0.4834693502709037, 'tabnet': 0.3822838121789637}
[2025-04-28 23:03:38] Accuracy: 0.5293

[2025-04-28 23:03:38] Trial 39:
[2025-04-28 23:03:38] Weights: {'knn': 0.17086302235503845, 'rf': 0.3113757867981411, 'nn': 0.28655588208707006, 'tabnet': 0.23120530875975048}
[2025-04-28 23:03:38] Accuracy: 0.5301

[2025-04-28 23:03:38] Trial 40:
[2025-04-28 23:03:38] Weights: {'knn': 0.16981306615671907, 'rf': 0.3687665696713138, 'nn': 0.350217979063896, 'tabnet': 0.11120238510807114}
[2025-04-28 23:03:38] Accuracy: 0.5198

[2025-04-28 23:03:38] Trial 41:
[2025-04-28 23:03:38] Weights: {'knn': 0.007770602127277689, 'rf': 0.3319743015532359, 'nn': 0.4312218303418681, 'tabnet': 0.22903326597761833}
[2025-04-28 23:03:38] Accuracy: 0.5379

[2025-04-28 23:03:38] Trial 42:
[2025-04-28 23:03:38] Weights: {'knn': 0.020339528663795268, 'rf': 0.33335125359992684, 'nn': 0.39878685730135494, 'tabnet': 0.24752236043492284}
[2025-04-28 23:03:38] Accuracy: 0.5379

[2025-04-28 23:03:38] Trial 43:
[2025-04-28 23:03:38] Weights: {'knn': 0.03958740093012938, 'rf': 0.31429438445788094, 'nn': 0.3833613419015885, 'tabnet': 0.26275687271040116}
[2025-04-28 23:03:38] Accuracy: 0.5379

[2025-04-28 23:03:38] Trial 44:
[2025-04-28 23:03:38] Weights: {'knn': 0.07501168810878077, 'rf': 0.3224662477579359, 'nn': 0.41781930181311344, 'tabnet': 0.18470276232016977}
[2025-04-28 23:03:38] Accuracy: 0.5379

[2025-04-28 23:03:38] Trial 45:
[2025-04-28 23:03:38] Weights: {'knn': 0.02137474261895453, 'rf': 0.35976093068792564, 'nn': 0.3826061158963837, 'tabnet': 0.23625821079673626}
[2025-04-28 23:03:38] Accuracy: 0.5379

[2025-04-28 23:03:38] Trial 46:
[2025-04-28 23:03:38] Weights: {'knn': 0.049188577032967126, 'rf': 0.3119884164920854, 'nn': 0.32020413696430533, 'tabnet': 0.3186188695106422}
[2025-04-28 23:03:38] Accuracy: 0.5336

[2025-04-28 23:03:38] Trial 47:
[2025-04-28 23:03:38] Weights: {'knn': 0.10967173217234744, 'rf': 0.2868281560998562, 'nn': 0.4331170179992085, 'tabnet': 0.1703830937285879}
[2025-04-28 23:03:38] Accuracy: 0.5370

[2025-04-28 23:03:38] Trial 48:
[2025-04-28 23:03:38] Weights: {'knn': 0.009810382468895507, 'rf': 0.4242798562531067, 'nn': 0.15544837821173418, 'tabnet': 0.4104613830662636}
[2025-04-28 23:03:38] Accuracy: 0.5293

[2025-04-28 23:03:38] Trial 49:
[2025-04-28 23:03:38] Weights: {'knn': 0.06328684291799085, 'rf': 0.3173716308382804, 'nn': 0.33588438724427394, 'tabnet': 0.2834571389994548}
[2025-04-28 23:03:38] Accuracy: 0.5336

[2025-04-28 23:03:38] Trial 50:
[2025-04-28 23:03:38] Weights: {'knn': 0.3670939627130228, 'rf': 0.15387322778993748, 'nn': 0.3843949288955206, 'tabnet': 0.09463788060151918}
[2025-04-28 23:03:38] Accuracy: 0.5181

[2025-04-28 23:03:38] Trial 51:
[2025-04-28 23:03:38] Weights: {'knn': 0.002228550973514024, 'rf': 0.270948487766829, 'nn': 0.4480069336726022, 'tabnet': 0.27881602758705487}
[2025-04-28 23:03:38] Accuracy: 0.5379

[2025-04-28 23:03:38] Trial 52:
[2025-04-28 23:03:38] Weights: {'knn': 0.02389225933808261, 'rf': 0.2873629910590584, 'nn': 0.40369996494995286, 'tabnet': 0.28504478465290617}
[2025-04-28 23:03:38] Accuracy: 0.5379

[2025-04-28 23:03:38] Trial 53:
[2025-04-28 23:03:38] Weights: {'knn': 0.03157523519221274, 'rf': 0.3206237559416405, 'nn': 0.38302985672587003, 'tabnet': 0.2647711521402767}
[2025-04-28 23:03:38] Accuracy: 0.5379

[2025-04-28 23:03:38] Trial 54:
[2025-04-28 23:03:38] Weights: {'knn': 0.014223367784898227, 'rf': 0.28980129671678917, 'nn': 0.44689529836962116, 'tabnet': 0.24908003712869142}
[2025-04-28 23:03:38] Accuracy: 0.5379

[2025-04-28 23:03:38] Trial 55:
[2025-04-28 23:03:38] Weights: {'knn': 0.05454641011558796, 'rf': 0.2680538283236068, 'nn': 0.35260323821151346, 'tabnet': 0.324796523349292}
[2025-04-28 23:03:38] Accuracy: 0.5370

[2025-04-28 23:03:38] Trial 56:
[2025-04-28 23:03:38] Weights: {'knn': 0.09636495271283989, 'rf': 0.29142722580134445, 'nn': 0.35262159597883935, 'tabnet': 0.25958622550697624}
[2025-04-28 23:03:38] Accuracy: 0.5336

[2025-04-28 23:03:38] Trial 57:
[2025-04-28 23:03:38] Weights: {'knn': 0.0017937097364308732, 'rf': 0.3015911436041904, 'nn': 0.40485016340977376, 'tabnet': 0.291764983249605}
[2025-04-28 23:03:38] Accuracy: 0.5379

[2025-04-28 23:03:38] Trial 58:
[2025-04-28 23:03:38] Weights: {'knn': 0.06380873546036764, 'rf': 0.4540654003130326, 'nn': 0.016049509318775333, 'tabnet': 0.46607635490782434}
[2025-04-28 23:03:38] Accuracy: 0.5172

[2025-04-28 23:03:38] Trial 59:
[2025-04-28 23:03:38] Weights: {'knn': 0.09569443828733164, 'rf': 0.2534559650123057, 'nn': 0.22606883194842822, 'tabnet': 0.42478076475193444}
[2025-04-28 23:03:38] Accuracy: 0.5310

[2025-04-28 23:03:38] Trial 60:
[2025-04-28 23:03:38] Weights: {'knn': 0.23107688394082224, 'rf': 0.2826938081083878, 'nn': 0.2966409997780005, 'tabnet': 0.18958830817278952}
[2025-04-28 23:03:38] Accuracy: 0.5224

[2025-04-28 23:03:38] Trial 61:
[2025-04-28 23:03:38] Weights: {'knn': 0.03784123396512503, 'rf': 0.2648551776605894, 'nn': 0.428692721746065, 'tabnet': 0.2686108666282206}
[2025-04-28 23:03:38] Accuracy: 0.5379

[2025-04-28 23:03:38] Trial 62:
[2025-04-28 23:03:38] Weights: {'knn': 0.06256226052123398, 'rf': 0.26304661422344733, 'nn': 0.41320428055237735, 'tabnet': 0.2611868447029413}
[2025-04-28 23:03:38] Accuracy: 0.5379

[2025-04-28 23:03:38] Trial 63:
[2025-04-28 23:03:38] Weights: {'knn': 0.043434111853622115, 'rf': 0.2930045414624881, 'nn': 0.4296196401653631, 'tabnet': 0.23394170651852672}
[2025-04-28 23:03:38] Accuracy: 0.5379

[2025-04-28 23:03:38] Trial 64:
[2025-04-28 23:03:38] Weights: {'knn': 0.020851596492906292, 'rf': 0.2363097894583438, 'nn': 0.4451151953484673, 'tabnet': 0.29772341870028274}
[2025-04-28 23:03:38] Accuracy: 0.5379

[2025-04-28 23:03:38] Trial 65:
[2025-04-28 23:03:38] Weights: {'knn': 0.10329974408266684, 'rf': 0.32366769856792554, 'nn': 0.3817972282495691, 'tabnet': 0.19123532909983854}
[2025-04-28 23:03:38] Accuracy: 0.5344

[2025-04-28 23:03:38] Trial 66:
[2025-04-28 23:03:38] Weights: {'knn': 0.06524528464208287, 'rf': 0.3318830230717099, 'nn': 0.3605230417501867, 'tabnet': 0.2423486505360205}
[2025-04-28 23:03:38] Accuracy: 0.5344

[2025-04-28 23:03:38] Trial 67:
[2025-04-28 23:03:38] Weights: {'knn': 0.13917369704106622, 'rf': 0.2517427765982974, 'nn': 0.3261013619896905, 'tabnet': 0.2829821643709459}
[2025-04-28 23:03:38] Accuracy: 0.5336

[2025-04-28 23:03:38] Trial 68:
[2025-04-28 23:03:38] Weights: {'knn': 0.04168320958332029, 'rf': 0.21653493465503532, 'nn': 0.4881808062682145, 'tabnet': 0.25360104949343}
[2025-04-28 23:03:38] Accuracy: 0.5327

[2025-04-28 23:03:38] Trial 69:
[2025-04-28 23:03:38] Weights: {'knn': 0.018430236951689487, 'rf': 0.44239254083459395, 'nn': 0.3146233940353667, 'tabnet': 0.22455382817834982}
[2025-04-28 23:03:38] Accuracy: 0.5293

[2025-04-28 23:03:38] Trial 70:
[2025-04-28 23:03:38] Weights: {'knn': 0.06688343168403281, 'rf': 0.3665378394892744, 'nn': 0.16460496403699565, 'tabnet': 0.40197376478969715}
[2025-04-28 23:03:38] Accuracy: 0.5301

[2025-04-28 23:03:38] Trial 71:
[2025-04-28 23:03:38] Weights: {'knn': 0.014512944951809935, 'rf': 0.35635843699235975, 'nn': 0.4071238565540914, 'tabnet': 0.22200476150173892}
[2025-04-28 23:03:38] Accuracy: 0.5379

[2025-04-28 23:03:39] Trial 72:
[2025-04-28 23:03:39] Weights: {'knn': 0.001025485493759098, 'rf': 0.3548530276626517, 'nn': 0.47013136105195175, 'tabnet': 0.17399012579163758}
[2025-04-28 23:03:39] Accuracy: 0.5379

[2025-04-28 23:03:39] Trial 73:
[2025-04-28 23:03:39] Weights: {'knn': 0.02929726164515214, 'rf': 0.3053160748652203, 'nn': 0.40373957554247575, 'tabnet': 0.26164708794715175}
[2025-04-28 23:03:39] Accuracy: 0.5379

[2025-04-28 23:03:39] Trial 74:
[2025-04-28 23:03:39] Weights: {'knn': 0.047612500630620794, 'rf': 0.24869520180342197, 'nn': 0.4287028595275836, 'tabnet': 0.27498943803837367}
[2025-04-28 23:03:39] Accuracy: 0.5379

[2025-04-28 23:03:39] Trial 75:
[2025-04-28 23:03:39] Weights: {'knn': 0.015201430088233813, 'rf': 0.32452320961851105, 'nn': 0.39500466779965093, 'tabnet': 0.2652706924936042}
[2025-04-28 23:03:39] Accuracy: 0.5379

[2025-04-28 23:03:39] Trial 76:
[2025-04-28 23:03:39] Weights: {'knn': 0.07616063346157777, 'rf': 0.2925599469066194, 'nn': 0.3943793443960495, 'tabnet': 0.2369000752357533}
[2025-04-28 23:03:39] Accuracy: 0.5379

[2025-04-28 23:03:39] Trial 77:
[2025-04-28 23:03:39] Weights: {'knn': 0.03213847943506725, 'rf': 0.367532945572225, 'nn': 0.3782115157943072, 'tabnet': 0.2221170591984005}
[2025-04-28 23:03:39] Accuracy: 0.5344

[2025-04-28 23:03:39] Trial 78:
[2025-04-28 23:03:39] Weights: {'knn': 0.07701350316025338, 'rf': 0.10071099915866047, 'nn': 0.5196866002469135, 'tabnet': 0.3025888974341727}
[2025-04-28 23:03:39] Accuracy: 0.5232

[2025-04-28 23:03:39] Trial 79:
[2025-04-28 23:03:39] Weights: {'knn': 0.0010812451191920755, 'rf': 0.2994413565774643, 'nn': 0.4506531280190531, 'tabnet': 0.24882427028429058}
[2025-04-28 23:03:39] Accuracy: 0.5379

[2025-04-28 23:03:39] Trial 80:
[2025-04-28 23:03:39] Weights: {'knn': 0.04070689725971802, 'rf': 0.3475085716783698, 'nn': 0.3371650356872034, 'tabnet': 0.27461949537470887}
[2025-04-28 23:03:39] Accuracy: 0.5310

[2025-04-28 23:03:39] Trial 81:
[2025-04-28 23:03:39] Weights: {'knn': 0.08911985910249344, 'rf': 0.2589920198984283, 'nn': 0.387978726590836, 'tabnet': 0.2639093944082423}
[2025-04-28 23:03:39] Accuracy: 0.5379

[2025-04-28 23:03:39] Trial 82:
[2025-04-28 23:03:39] Weights: {'knn': 0.07357350465441988, 'rf': 0.25116179813114103, 'nn': 0.37630579383678375, 'tabnet': 0.29895890337765535}
[2025-04-28 23:03:39] Accuracy: 0.5379

[2025-04-28 23:03:39] Trial 83:
[2025-04-28 23:03:39] Weights: {'knn': 0.013323701202125277, 'rf': 0.26598473081793755, 'nn': 0.40868722645700367, 'tabnet': 0.31200434152293344}
[2025-04-28 23:03:39] Accuracy: 0.5379

[2025-04-28 23:03:39] Trial 84:
[2025-04-28 23:03:39] Weights: {'knn': 0.1088130210143445, 'rf': 0.2835623687328465, 'nn': 0.3519014609184295, 'tabnet': 0.25572314933437934}
[2025-04-28 23:03:39] Accuracy: 0.5336

[2025-04-28 23:03:39] Trial 85:
[2025-04-28 23:03:39] Weights: {'knn': 0.09354063376612999, 'rf': 0.2165569762578486, 'nn': 0.4196525861949914, 'tabnet': 0.27024980378103}
[2025-04-28 23:03:39] Accuracy: 0.5370

[2025-04-28 23:03:39] Trial 86:
[2025-04-28 23:03:39] Weights: {'knn': 0.062153930047930996, 'rf': 0.28078082899332696, 'nn': 0.397022413794541, 'tabnet': 0.2600428271642011}
[2025-04-28 23:03:39] Accuracy: 0.5379

[2025-04-28 23:03:39] Trial 87:
[2025-04-28 23:03:39] Weights: {'knn': 0.20572111679160918, 'rf': 0.21268868086099194, 'nn': 0.3581298460842839, 'tabnet': 0.2234603562631151}
[2025-04-28 23:03:39] Accuracy: 0.5327

[2025-04-28 23:03:39] Trial 88:
[2025-04-28 23:03:39] Weights: {'knn': 0.02661728373957377, 'rf': 0.27643839861938185, 'nn': 0.4017244430327578, 'tabnet': 0.2952198746082866}
[2025-04-28 23:03:39] Accuracy: 0.5379

[2025-04-28 23:03:39] Trial 89:
[2025-04-28 23:03:39] Weights: {'knn': 0.06017907517664103, 'rf': 0.28018891490787357, 'nn': 0.45574572340954067, 'tabnet': 0.2038862865059447}
[2025-04-28 23:03:39] Accuracy: 0.5370

[2025-04-28 23:03:39] Trial 90:
[2025-04-28 23:03:39] Weights: {'knn': 0.13078177638549918, 'rf': 0.3663218662405759, 'nn': 0.4426502018453364, 'tabnet': 0.060246155528588655}
[2025-04-28 23:03:39] Accuracy: 0.5293

[2025-04-28 23:03:39] Trial 91:
[2025-04-28 23:03:39] Weights: {'knn': 0.0430398767148425, 'rf': 0.28204863366178046, 'nn': 0.42543447379017807, 'tabnet': 0.24947701583319898}
[2025-04-28 23:03:39] Accuracy: 0.5379

[2025-04-28 23:03:39] Trial 92:
[2025-04-28 23:03:39] Weights: {'knn': 0.06907257057609906, 'rf': 0.23678608934932374, 'nn': 0.41716646271384256, 'tabnet': 0.27697487736073456}
[2025-04-28 23:03:39] Accuracy: 0.5379

[2025-04-28 23:03:39] Trial 93:
[2025-04-28 23:03:39] Weights: {'knn': 0.009510026719052296, 'rf': 0.2934509950832739, 'nn': 0.44662829435122753, 'tabnet': 0.2504106838464464}
[2025-04-28 23:03:39] Accuracy: 0.5379

[2025-04-28 23:03:39] Trial 94:
[2025-04-28 23:03:39] Weights: {'knn': 0.02626031806660144, 'rf': 0.23138967899388055, 'nn': 0.45470664661372784, 'tabnet': 0.2876433563257902}
[2025-04-28 23:03:39] Accuracy: 0.5379

[2025-04-28 23:03:39] Trial 95:
[2025-04-28 23:03:39] Weights: {'knn': 0.26776600676303325, 'rf': 0.15844287592215667, 'nn': 0.32575051090628526, 'tabnet': 0.2480406064085248}
[2025-04-28 23:03:39] Accuracy: 0.5301

[2025-04-28 23:03:39] Trial 96:
[2025-04-28 23:03:39] Weights: {'knn': 0.03929637049817495, 'rf': 0.2539889874224563, 'nn': 0.47167057388064665, 'tabnet': 0.23504406819872217}
[2025-04-28 23:03:39] Accuracy: 0.5370

[2025-04-28 23:03:39] Trial 97:
[2025-04-28 23:03:39] Weights: {'knn': 0.053677023379490686, 'rf': 0.3011668306328395, 'nn': 0.40593262677436226, 'tabnet': 0.23922351921330762}
[2025-04-28 23:03:39] Accuracy: 0.5379

[2025-04-28 23:03:39] Trial 98:
[2025-04-28 23:03:39] Weights: {'knn': 0.242150481163831, 'rf': 0.14288433640675102, 'nn': 0.3399964256189504, 'tabnet': 0.2749687568104677}
[2025-04-28 23:03:39] Accuracy: 0.5301

[2025-04-28 23:03:39] Trial 99:
[2025-04-28 23:03:39] Weights: {'knn': 0.01089434199828856, 'rf': 0.2892156765518696, 'nn': 0.4546821209592285, 'tabnet': 0.24520786049061338}
[2025-04-28 23:03:39] Accuracy: 0.5379

[2025-04-28 23:03:39] 
Best trial:
[2025-04-28 23:03:39] Value: 0.5379
[2025-04-28 23:03:39] Params: {'knn_weight': 0.05748323880984546, 'rf_weight': 0.26392280671865315, 'nn_weight': 0.41580437315035634, 'tabnet_weight': 0.26278958132114505}
