[2025-04-28 10:38:48] Trial 0:
[2025-04-28 10:38:48] Weights: {'knn': 0.39004206023977234, 'rf': 0.17171176072576952, 'nn': 0.4155858897366345, 'tabnet': 0.022660289297823603}
[2025-04-28 10:38:48] Accuracy: 0.5189

[2025-04-28 10:38:49] Trial 1:
[2025-04-28 10:38:49] Weights: {'knn': 0.08287693836271208, 'rf': 0.03524429082795773, 'nn': 0.3874804394067492, 'tabnet': 0.494398331402581}
[2025-04-28 10:38:49] Accuracy: 0.5267

[2025-04-28 10:38:49] Trial 2:
[2025-04-28 10:38:49] Weights: {'knn': 0.3050632602276364, 'rf': 0.1305090320688892, 'nn': 0.2732728000618392, 'tabnet': 0.29115490764163515}
[2025-04-28 10:38:49] Accuracy: 0.5275

[2025-04-28 10:38:49] Trial 3:
[2025-04-28 10:38:49] Weights: {'knn': 0.07192078436419487, 'rf': 0.35298447521252607, 'nn': 0.41310663359781535, 'tabnet': 0.16198810682546372}
[2025-04-28 10:38:49] Accuracy: 0.5344

[2025-04-28 10:38:49] Trial 4:
[2025-04-28 10:38:49] Weights: {'knn': 0.3755743385240845, 'rf': 0.19623050735704423, 'nn': 0.3752897176682191, 'tabnet': 0.052905436450652134}
[2025-04-28 10:38:49] Accuracy: 0.5146

[2025-04-28 10:38:49] Trial 5:
[2025-04-28 10:38:49] Weights: {'knn': 0.12419660695762737, 'rf': 0.2936602185143286, 'nn': 0.28589596388396404, 'tabnet': 0.2962472106440801}
[2025-04-28 10:38:49] Accuracy: 0.5310

[2025-04-28 10:38:49] Trial 6:
[2025-04-28 10:38:49] Weights: {'knn': 0.35148576265362436, 'rf': 0.13461580663990155, 'nn': 0.43370011107284945, 'tabnet': 0.08019831963362462}
[2025-04-28 10:38:49] Accuracy: 0.5293

[2025-04-28 10:38:49] Trial 7:
[2025-04-28 10:38:49] Weights: {'knn': 0.40296045061192354, 'rf': 0.20237913196106908, 'nn': 0.06718768036931974, 'tabnet': 0.32747273705768754}
[2025-04-28 10:38:49] Accuracy: 0.5120

[2025-04-28 10:38:49] Trial 8:
[2025-04-28 10:38:49] Weights: {'knn': 0.5326010750207828, 'rf': 0.3679435377237053, 'nn': 0.07083767959351586, 'tabnet': 0.02861770766199621}
[2025-04-28 10:38:49] Accuracy: 0.4707

[2025-04-28 10:38:49] Trial 9:
[2025-04-28 10:38:49] Weights: {'knn': 0.044086290169338765, 'rf': 0.18044159811380217, 'nn': 0.010392248228959131, 'tabnet': 0.7650798634879}
[2025-04-28 10:38:49] Accuracy: 0.5215

[2025-04-28 10:38:49] Trial 10:
[2025-04-28 10:38:49] Weights: {'knn': 0.16064328748120688, 'rf': 0.48315235890989594, 'nn': 0.17416966553634594, 'tabnet': 0.1820346880725512}
[2025-04-28 10:38:49] Accuracy: 0.5164

[2025-04-28 10:38:49] Trial 11:
[2025-04-28 10:38:49] Weights: {'knn': 0.1204077967836553, 'rf': 0.31698486623533917, 'nn': 0.3901045019794487, 'tabnet': 0.17250283500155678}
[2025-04-28 10:38:49] Accuracy: 0.5336

[2025-04-28 10:38:49] Trial 12:
[2025-04-28 10:38:49] Weights: {'knn': 0.1056489229783381, 'rf': 0.3083857073308765, 'nn': 0.4241267234952848, 'tabnet': 0.16183864619550054}
[2025-04-28 10:38:49] Accuracy: 0.5370

[2025-04-28 10:38:49] Trial 13:
[2025-04-28 10:38:49] Weights: {'knn': 0.08985219994126092, 'rf': 0.33278572998067685, 'nn': 0.42343658891516034, 'tabnet': 0.15392548116290186}
[2025-04-28 10:38:49] Accuracy: 0.5370

[2025-04-28 10:38:49] Trial 14:
[2025-04-28 10:38:49] Weights: {'knn': 0.12992696963444306, 'rf': 0.36633961610408877, 'nn': 0.36882893284600277, 'tabnet': 0.13490448141546554}
[2025-04-28 10:38:49] Accuracy: 0.5344

[2025-04-28 10:38:49] Trial 15:
[2025-04-28 10:38:49] Weights: {'knn': 0.16860907422643695, 'rf': 0.26561148028875703, 'nn': 0.3346556799977848, 'tabnet': 0.2311237654870213}
[2025-04-28 10:38:49] Accuracy: 0.5327

[2025-04-28 10:38:49] Trial 16:
[2025-04-28 10:38:49] Weights: {'knn': 0.2816135503082222, 'rf': 0.4188210096042949, 'nn': 0.1858284538943435, 'tabnet': 0.11373698619313932}
[2025-04-28 10:38:49] Accuracy: 0.5181

[2025-04-28 10:38:49] Trial 17:
[2025-04-28 10:38:49] Weights: {'knn': 0.009975322368279776, 'rf': 0.33594101399203563, 'nn': 0.4100720039172964, 'tabnet': 0.2440116597223882}
[2025-04-28 10:38:49] Accuracy: 0.5379

[2025-04-28 10:38:49] Trial 18:
[2025-04-28 10:38:49] Weights: {'knn': 0.0021910109741653536, 'rf': 0.4045571855655662, 'nn': 0.3530708513935185, 'tabnet': 0.24018095206675003}
[2025-04-28 10:38:49] Accuracy: 0.5293

[2025-04-28 10:38:49] Trial 19:
[2025-04-28 10:38:49] Weights: {'knn': 0.1504930556801651, 'rf': 0.33955815341128565, 'nn': 0.180453263508833, 'tabnet': 0.3294955273997163}
[2025-04-28 10:38:49] Accuracy: 0.5284

[2025-04-28 10:38:49] Trial 20:
[2025-04-28 10:38:49] Weights: {'knn': 0.05048955899084891, 'rf': 0.3800192732362531, 'nn': 0.34445370646506024, 'tabnet': 0.2250374613078376}
[2025-04-28 10:38:49] Accuracy: 0.5310

[2025-04-28 10:38:49] Trial 21:
[2025-04-28 10:38:49] Weights: {'knn': 0.08367816617707012, 'rf': 0.334903726791665, 'nn': 0.41771347545196486, 'tabnet': 0.16370463157929996}
[2025-04-28 10:38:49] Accuracy: 0.5336

[2025-04-28 10:38:49] Trial 22:
[2025-04-28 10:38:49] Weights: {'knn': 0.003270817027691944, 'rf': 0.32245020261216484, 'nn': 0.324654088434144, 'tabnet': 0.34962489192599927}
[2025-04-28 10:38:49] Accuracy: 0.5336

[2025-04-28 10:38:49] Trial 23:
[2025-04-28 10:38:49] Weights: {'knn': 0.21941294066793962, 'rf': 0.35664856034834524, 'nn': 0.2924944093586051, 'tabnet': 0.13144408962511012}
[2025-04-28 10:38:49] Accuracy: 0.5198

[2025-04-28 10:38:49] Trial 24:
[2025-04-28 10:38:49] Weights: {'knn': 0.10046520894936842, 'rf': 0.19048640228879893, 'nn': 0.42629952657011455, 'tabnet': 0.28274886219171813}
[2025-04-28 10:38:49] Accuracy: 0.5370

[2025-04-28 10:38:49] Trial 25:
[2025-04-28 10:38:49] Weights: {'knn': 0.05730769281199167, 'rf': 0.3283330690766731, 'nn': 0.39550927506767297, 'tabnet': 0.2188499630436624}
[2025-04-28 10:38:49] Accuracy: 0.5379

[2025-04-28 10:38:49] Trial 26:
[2025-04-28 10:38:49] Weights: {'knn': 0.040108761990334287, 'rf': 0.3238594457580871, 'nn': 0.41131421797186235, 'tabnet': 0.2247175742797163}
[2025-04-28 10:38:49] Accuracy: 0.5379

[2025-04-28 10:38:49] Trial 27:
[2025-04-28 10:38:49] Weights: {'knn': 0.046187286616077974, 'rf': 0.29859143052615195, 'nn': 0.4071590397202294, 'tabnet': 0.2480622431375407}
[2025-04-28 10:38:49] Accuracy: 0.5379

[2025-04-28 10:38:49] Trial 28:
[2025-04-28 10:38:49] Weights: {'knn': 0.0605003181686228, 'rf': 0.24036115447616724, 'nn': 0.37954766782108856, 'tabnet': 0.3195908595341214}
[2025-04-28 10:38:49] Accuracy: 0.5370

[2025-04-28 10:38:49] Trial 29:
[2025-04-28 10:38:49] Weights: {'knn': 0.3487744807376503, 'rf': 0.14498274220266344, 'nn': 0.28850030259274867, 'tabnet': 0.21774247446693742}
[2025-04-28 10:38:49] Accuracy: 0.5275

[2025-04-28 10:38:49] Trial 30:
[2025-04-28 10:38:49] Weights: {'knn': 0.01929169462387169, 'rf': 0.28405398850798785, 'nn': 0.33645418728390547, 'tabnet': 0.360200129584235}
[2025-04-28 10:38:49] Accuracy: 0.5336

[2025-04-28 10:38:49] Trial 31:
[2025-04-28 10:38:49] Weights: {'knn': 0.04008643789105573, 'rf': 0.299594524710269, 'nn': 0.3946863445161622, 'tabnet': 0.26563269288251307}
[2025-04-28 10:38:49] Accuracy: 0.5379

[2025-04-28 10:38:49] Trial 32:
[2025-04-28 10:38:49] Weights: {'knn': 0.0675678921350207, 'rf': 0.3106077078550071, 'nn': 0.386254764021503, 'tabnet': 0.23556963598846928}
[2025-04-28 10:38:49] Accuracy: 0.5379

[2025-04-28 10:38:49] Trial 33:
[2025-04-28 10:38:49] Weights: {'knn': 0.04807112559655398, 'rf': 0.3301140794919865, 'nn': 0.2947039970574367, 'tabnet': 0.32711079785402286}
[2025-04-28 10:38:49] Accuracy: 0.5301

[2025-04-28 10:38:49] Trial 34:
[2025-04-28 10:38:49] Weights: {'knn': 0.0749912000950284, 'rf': 0.16717741518787413, 'nn': 0.415218866095766, 'tabnet': 0.3426125186213313}
[2025-04-28 10:38:49] Accuracy: 0.5370

[2025-04-28 10:38:49] Trial 35:
[2025-04-28 10:38:49] Weights: {'knn': 0.1229505893810353, 'rf': 0.3219852869335217, 'nn': 0.3458315085441705, 'tabnet': 0.2092326151412725}
[2025-04-28 10:38:49] Accuracy: 0.5344

[2025-04-28 10:38:49] Trial 36:
[2025-04-28 10:38:49] Weights: {'knn': 0.04298151699213207, 'rf': 0.06810491486735501, 'nn': 0.49386053830611876, 'tabnet': 0.395053029834394}
[2025-04-28 10:38:49] Accuracy: 0.5327

[2025-04-28 10:38:49] Trial 37:
[2025-04-28 10:38:49] Weights: {'knn': 0.08255041417683141, 'rf': 0.2938559798304394, 'nn': 0.44396566361630246, 'tabnet': 0.17962794237642685}
[2025-04-28 10:38:49] Accuracy: 0.5370

[2025-04-28 10:38:49] Trial 38:
[2025-04-28 10:38:49] Weights: {'knn': 0.0003075635079204688, 'rf': 0.3869289928355039, 'nn': 0.3161467267672523, 'tabnet': 0.29661671688932334}
[2025-04-28 10:38:49] Accuracy: 0.5293

[2025-04-28 10:38:49] Trial 39:
[2025-04-28 10:38:49] Weights: {'knn': 0.18882423507958113, 'rf': 0.3081834655113063, 'nn': 0.3943730917086311, 'tabnet': 0.1086192077004813}
[2025-04-28 10:38:49] Accuracy: 0.5336

[2025-04-28 10:38:49] Trial 40:
[2025-04-28 10:38:49] Weights: {'knn': 0.10300164786222225, 'rf': 0.20226044246584182, 'nn': 0.49063606175578006, 'tabnet': 0.2041018479161559}
[2025-04-28 10:38:49] Accuracy: 0.5327

[2025-04-28 10:38:49] Trial 41:
[2025-04-28 10:38:49] Weights: {'knn': 0.03647219816787556, 'rf': 0.2986522159135325, 'nn': 0.39390256257879125, 'tabnet': 0.27097302333980067}
[2025-04-28 10:38:49] Accuracy: 0.5379

[2025-04-28 10:38:49] Trial 42:
[2025-04-28 10:38:49] Weights: {'knn': 0.046152354196129126, 'rf': 0.24802475072620356, 'nn': 0.44723329106829185, 'tabnet': 0.25858960400937553}
[2025-04-28 10:38:49] Accuracy: 0.5379

[2025-04-28 10:38:49] Trial 43:
[2025-04-28 10:38:49] Weights: {'knn': 0.06473697905962712, 'rf': 0.3139999446211912, 'nn': 0.38480183642199883, 'tabnet': 0.2364612398971829}
[2025-04-28 10:38:49] Accuracy: 0.5379

[2025-04-28 10:38:49] Trial 44:
[2025-04-28 10:38:49] Weights: {'knn': 0.021489952674451782, 'rf': 0.316991463162309, 'nn': 0.3547932179968052, 'tabnet': 0.30672536616643403}
[2025-04-28 10:38:49] Accuracy: 0.5379

[2025-04-28 10:38:49] Trial 45:
[2025-04-28 10:38:49] Weights: {'knn': 0.22314030390429276, 'rf': 0.25834860604565885, 'nn': 0.32946384032370873, 'tabnet': 0.18904724972633974}
[2025-04-28 10:38:49] Accuracy: 0.5327

[2025-04-28 10:38:49] Trial 46:
[2025-04-28 10:38:49] Weights: {'knn': 0.03153815350608391, 'rf': 0.3072038491589724, 'nn': 0.3906097385768246, 'tabnet': 0.270648258758119}
[2025-04-28 10:38:49] Accuracy: 0.5379

[2025-04-28 10:38:49] Trial 47:
[2025-04-28 10:38:49] Weights: {'knn': 0.14340534624218684, 'rf': 0.3025810958510933, 'nn': 0.39141900892682985, 'tabnet': 0.16259454897989}
[2025-04-28 10:38:49] Accuracy: 0.5336

[2025-04-28 10:38:49] Trial 48:
[2025-04-28 10:38:49] Weights: {'knn': 0.08896743551473471, 'rf': 0.36461413448590285, 'nn': 0.30623862699806714, 'tabnet': 0.24017980300129527}
[2025-04-28 10:38:49] Accuracy: 0.5310

[2025-04-28 10:38:50] Trial 49:
[2025-04-28 10:38:50] Weights: {'knn': 0.16283790218014366, 'rf': 0.3289017837721972, 'nn': 0.39398655206746797, 'tabnet': 0.1142737619801912}
[2025-04-28 10:38:50] Accuracy: 0.5336

[2025-04-28 10:38:50] Trial 50:
[2025-04-28 10:38:50] Weights: {'knn': 0.2938894857484902, 'rf': 0.3043982450917148, 'nn': 0.3920791988377372, 'tabnet': 0.009633070322057753}
[2025-04-28 10:38:50] Accuracy: 0.5189

[2025-04-28 10:38:50] Trial 51:
[2025-04-28 10:38:50] Weights: {'knn': 0.07275838872613856, 'rf': 0.31722320510646757, 'nn': 0.38534956990284946, 'tabnet': 0.22466883626454442}
[2025-04-28 10:38:50] Accuracy: 0.5344

[2025-04-28 10:38:50] Trial 52:
[2025-04-28 10:38:50] Weights: {'knn': 0.05214377620730943, 'rf': 0.3264967407143037, 'nn': 0.39188058905664447, 'tabnet': 0.2294788940217424}
[2025-04-28 10:38:50] Accuracy: 0.5379

[2025-04-28 10:38:50] Trial 53:
[2025-04-28 10:38:50] Weights: {'knn': 0.020446705478224476, 'rf': 0.28652982508793023, 'nn': 0.4168736961407641, 'tabnet': 0.27614977329308116}
[2025-04-28 10:38:50] Accuracy: 0.5379

[2025-04-28 10:38:50] Trial 54:
[2025-04-28 10:38:50] Weights: {'knn': 0.34532971174855903, 'rf': 0.23153536209991885, 'nn': 0.25974534766805235, 'tabnet': 0.16338957848346994}
[2025-04-28 10:38:50] Accuracy: 0.5172

[2025-04-28 10:38:50] Trial 55:
[2025-04-28 10:38:50] Weights: {'knn': 0.07974557926756208, 'rf': 0.24400456471543794, 'nn': 0.48622207362755965, 'tabnet': 0.1900277823894402}
[2025-04-28 10:38:50] Accuracy: 0.5327

[2025-04-28 10:38:50] Trial 56:
[2025-04-28 10:38:50] Weights: {'knn': 0.0956410135234928, 'rf': 0.4164883020868594, 'nn': 0.24984489020697603, 'tabnet': 0.2380257941826718}
[2025-04-28 10:38:50] Accuracy: 0.5189

[2025-04-28 10:38:50] Trial 57:
[2025-04-28 10:38:50] Weights: {'knn': 0.070758052277236, 'rf': 0.49092470408946304, 'nn': 0.18726550656182228, 'tabnet': 0.25105173707147876}
[2025-04-28 10:38:50] Accuracy: 0.5164

[2025-04-28 10:38:50] Trial 58:
[2025-04-28 10:38:50] Weights: {'knn': 0.3520463902367618, 'rf': 0.2694360092990158, 'nn': 0.25737786267435775, 'tabnet': 0.12113973778986481}
[2025-04-28 10:38:50] Accuracy: 0.5198

[2025-04-28 10:38:50] Trial 59:
[2025-04-28 10:38:50] Weights: {'knn': 0.015453577695852743, 'rf': 0.2264019030020179, 'nn': 0.4591573302259713, 'tabnet': 0.29898718907615807}
[2025-04-28 10:38:50] Accuracy: 0.5379

[2025-04-28 10:38:50] Trial 60:
[2025-04-28 10:38:50] Weights: {'knn': 0.16368579207723283, 'rf': 0.2527574546070434, 'nn': 0.37326925439460956, 'tabnet': 0.21028749892111434}
[2025-04-28 10:38:50] Accuracy: 0.5327

[2025-04-28 10:38:50] Trial 61:
[2025-04-28 10:38:50] Weights: {'knn': 0.0269107897922563, 'rf': 0.2786287257791225, 'nn': 0.37774807294942025, 'tabnet': 0.31671241147920104}
[2025-04-28 10:38:50] Accuracy: 0.5379

[2025-04-28 10:38:50] Trial 62:
[2025-04-28 10:38:50] Weights: {'knn': 0.04472478659358175, 'rf': 0.3161574079059593, 'nn': 0.3740959912555961, 'tabnet': 0.2650218142448628}
[2025-04-28 10:38:50] Accuracy: 0.5379

[2025-04-28 10:38:50] Trial 63:
[2025-04-28 10:38:50] Weights: {'knn': 0.033489648718141404, 'rf': 0.2698991724570271, 'nn': 0.4214587614659427, 'tabnet': 0.2751524173588888}
[2025-04-28 10:38:50] Accuracy: 0.5379

[2025-04-28 10:38:50] Trial 64:
[2025-04-28 10:38:50] Weights: {'knn': 0.3297916403957195, 'rf': 0.28400291352545887, 'nn': 0.17845270609895553, 'tabnet': 0.2077527399798661}
[2025-04-28 10:38:50] Accuracy: 0.5172

[2025-04-28 10:38:50] Trial 65:
[2025-04-28 10:38:50] Weights: {'knn': 0.000962970834510842, 'rf': 0.279621646737009, 'nn': 0.40237252266222256, 'tabnet': 0.3170428597662575}
[2025-04-28 10:38:50] Accuracy: 0.5379

[2025-04-28 10:38:50] Trial 66:
[2025-04-28 10:38:50] Weights: {'knn': 0.0944514085201192, 'rf': 0.2761922156165369, 'nn': 0.3315033731986408, 'tabnet': 0.2978530026647032}
[2025-04-28 10:38:50] Accuracy: 0.5336

[2025-04-28 10:38:50] Trial 67:
[2025-04-28 10:38:50] Weights: {'knn': 0.0601646136493014, 'rf': 0.36777026732420487, 'nn': 0.3406724336145343, 'tabnet': 0.23139268541195931}
[2025-04-28 10:38:50] Accuracy: 0.5310

[2025-04-28 10:38:50] Trial 68:
[2025-04-28 10:38:50] Weights: {'knn': 0.01118026325586583, 'rf': 0.316521041175784, 'nn': 0.41636888784444387, 'tabnet': 0.2559298077239062}
[2025-04-28 10:38:50] Accuracy: 0.5379

[2025-04-28 10:38:50] Trial 69:
[2025-04-28 10:38:50] Weights: {'knn': 0.2577072845484554, 'rf': 0.3236152689923851, 'nn': 0.00835499782625345, 'tabnet': 0.4103224486329061}
[2025-04-28 10:38:50] Accuracy: 0.5129

[2025-04-28 10:38:50] Trial 70:
[2025-04-28 10:38:50] Weights: {'knn': 0.13286765687207194, 'rf': 0.5076779216358276, 'nn': 0.09889769833933877, 'tabnet': 0.26055672315276174}
[2025-04-28 10:38:50] Accuracy: 0.5146

[2025-04-28 10:38:50] Trial 71:
[2025-04-28 10:38:50] Weights: {'knn': 0.046465515507676323, 'rf': 0.2424199805656936, 'nn': 0.4549786435934051, 'tabnet': 0.256135860333225}
[2025-04-28 10:38:50] Accuracy: 0.5370

[2025-04-28 10:38:50] Trial 72:
[2025-04-28 10:38:50] Weights: {'knn': 0.032069504932010606, 'rf': 0.2576852654224805, 'nn': 0.5132135797098919, 'tabnet': 0.19703164993561692}
[2025-04-28 10:38:50] Accuracy: 0.5232

[2025-04-28 10:38:50] Trial 73:
[2025-04-28 10:38:50] Weights: {'knn': 0.04825691790619715, 'rf': 0.3092227094128031, 'nn': 0.40378516250270535, 'tabnet': 0.23873521017829438}
[2025-04-28 10:38:50] Accuracy: 0.5379

[2025-04-28 10:38:50] Trial 74:
[2025-04-28 10:38:50] Weights: {'knn': 0.05746926055695479, 'rf': 0.3262927818386268, 'nn': 0.415713703791636, 'tabnet': 0.20052425381278233}
[2025-04-28 10:38:50] Accuracy: 0.5379

[2025-04-28 10:38:50] Trial 75:
[2025-04-28 10:38:50] Weights: {'knn': 0.08929022899987157, 'rf': 0.2250907659155625, 'nn': 0.412041515030947, 'tabnet': 0.27357749005361903}
[2025-04-28 10:38:50] Accuracy: 0.5370

[2025-04-28 10:38:50] Trial 76:
[2025-04-28 10:38:50] Weights: {'knn': 0.013750650077364167, 'rf': 0.2818912793368112, 'nn': 0.4335104124120488, 'tabnet': 0.27084765817377593}
[2025-04-28 10:38:50] Accuracy: 0.5379

[2025-04-28 10:38:50] Trial 77:
[2025-04-28 10:38:50] Weights: {'knn': 0.039592459744370284, 'rf': 0.24212690538055387, 'nn': 0.5197213964848276, 'tabnet': 0.1985592383902482}
[2025-04-28 10:38:50] Accuracy: 0.5232

[2025-04-28 10:38:50] Trial 78:
[2025-04-28 10:38:50] Weights: {'knn': 0.07021432332798229, 'rf': 0.27210426916578745, 'nn': 0.4044297076533044, 'tabnet': 0.25325169985292584}
[2025-04-28 10:38:50] Accuracy: 0.5379

[2025-04-28 10:38:50] Trial 79:
[2025-04-28 10:38:50] Weights: {'knn': 0.039496642604741054, 'rf': 0.34378190482330445, 'nn': 0.3173872019922154, 'tabnet': 0.29933425057973917}
[2025-04-28 10:38:50] Accuracy: 0.5310

[2025-04-28 10:38:50] Trial 80:
[2025-04-28 10:38:50] Weights: {'knn': 0.13647224072440764, 'rf': 0.35563388380239186, 'nn': 0.4720856948031168, 'tabnet': 0.03580818067008368}
[2025-04-28 10:38:50] Accuracy: 0.5293

[2025-04-28 10:38:50] Trial 81:
[2025-04-28 10:38:50] Weights: {'knn': 0.06540105207604557, 'rf': 0.32326638679540665, 'nn': 0.36956271389831186, 'tabnet': 0.24176984723023595}
[2025-04-28 10:38:50] Accuracy: 0.5344

[2025-04-28 10:38:50] Trial 82:
[2025-04-28 10:38:50] Weights: {'knn': 0.04274277460682695, 'rf': 0.0033239718206500546, 'nn': 0.5957905454124545, 'tabnet': 0.3581427081600685}
[2025-04-28 10:38:50] Accuracy: 0.5232

[2025-04-28 10:38:50] Trial 83:
[2025-04-28 10:38:50] Weights: {'knn': 0.08431004121758112, 'rf': 0.2913725801133286, 'nn': 0.3897644894918303, 'tabnet': 0.23455288917725997}
[2025-04-28 10:38:50] Accuracy: 0.5379

[2025-04-28 10:38:50] Trial 84:
[2025-04-28 10:38:50] Weights: {'knn': 0.010962093302048023, 'rf': 0.33590709100912514, 'nn': 0.3911215532690772, 'tabnet': 0.26200926241974953}
[2025-04-28 10:38:50] Accuracy: 0.5379

[2025-04-28 10:38:50] Trial 85:
[2025-04-28 10:38:50] Weights: {'knn': 0.07199230993897973, 'rf': 0.3185836466356801, 'nn': 0.3628625736015557, 'tabnet': 0.24656146982378438}
[2025-04-28 10:38:50] Accuracy: 0.5344

[2025-04-28 10:38:50] Trial 86:
[2025-04-28 10:38:50] Weights: {'knn': 0.057735680307417526, 'rf': 0.3473624766487647, 'nn': 0.37114341950614876, 'tabnet': 0.2237584235376691}
[2025-04-28 10:38:50] Accuracy: 0.5344

[2025-04-28 10:38:50] Trial 87:
[2025-04-28 10:38:50] Weights: {'knn': 0.03261330873998673, 'rf': 0.12366975710865909, 'nn': 0.5308201378167681, 'tabnet': 0.3128967963345862}
[2025-04-28 10:38:50] Accuracy: 0.5232

[2025-04-28 10:38:50] Trial 88:
[2025-04-28 10:38:50] Weights: {'knn': 0.11346832295031554, 'rf': 0.29498473518697654, 'nn': 0.37681940454077856, 'tabnet': 0.21472753732192934}
[2025-04-28 10:38:50] Accuracy: 0.5344

[2025-04-28 10:38:50] Trial 89:
[2025-04-28 10:38:50] Weights: {'knn': 0.22944080332181804, 'rf': 0.2161265472458257, 'nn': 0.3230504121864017, 'tabnet': 0.2313822372459546}
[2025-04-28 10:38:50] Accuracy: 0.5327

[2025-04-28 10:38:50] Trial 90:
[2025-04-28 10:38:50] Weights: {'knn': 0.051473247551912286, 'rf': 0.24766917249382397, 'nn': 0.3263182541099905, 'tabnet': 0.3745393258442733}
[2025-04-28 10:38:50] Accuracy: 0.5344

[2025-04-28 10:38:50] Trial 91:
[2025-04-28 10:38:50] Weights: {'knn': 0.027630681825398025, 'rf': 0.32516999094978394, 'nn': 0.3559777935963715, 'tabnet': 0.29122153362844655}
[2025-04-28 10:38:50] Accuracy: 0.5379

[2025-04-28 10:38:50] Trial 92:
[2025-04-28 10:38:50] Weights: {'knn': 0.0018547352265779892, 'rf': 0.3167859088315296, 'nn': 0.3363643355836803, 'tabnet': 0.3449950203582121}
[2025-04-28 10:38:50] Accuracy: 0.5336

[2025-04-28 10:38:51] Trial 93:
[2025-04-28 10:38:51] Weights: {'knn': 0.04601209464120335, 'rf': 0.3125970275013562, 'nn': 0.3963082047682939, 'tabnet': 0.2450826730891464}
[2025-04-28 10:38:51] Accuracy: 0.5379

[2025-04-28 10:38:51] Trial 94:
[2025-04-28 10:38:51] Weights: {'knn': 0.018771699712143958, 'rf': 0.3089456468496168, 'nn': 0.3624864304086837, 'tabnet': 0.3097962230295556}
[2025-04-28 10:38:51] Accuracy: 0.5379

[2025-04-28 10:38:51] Trial 95:
[2025-04-28 10:38:51] Weights: {'knn': 0.04434114051737861, 'rf': 0.3005147064512389, 'nn': 0.39669465697455875, 'tabnet': 0.2584494960568237}
[2025-04-28 10:38:51] Accuracy: 0.5379

[2025-04-28 10:38:51] Trial 96:
[2025-04-28 10:38:51] Weights: {'knn': 0.00819649898762888, 'rf': 0.26402266174610006, 'nn': 0.3726263516837124, 'tabnet': 0.3551544875825586}
[2025-04-28 10:38:51] Accuracy: 0.5379

[2025-04-28 10:38:51] Trial 97:
[2025-04-28 10:38:51] Weights: {'knn': 0.07800078066036877, 'rf': 0.3602039381773474, 'nn': 0.3701133271822626, 'tabnet': 0.1916819539800213}
[2025-04-28 10:38:51] Accuracy: 0.5344

[2025-04-28 10:38:51] Trial 98:
[2025-04-28 10:38:51] Weights: {'knn': 0.027684366779113668, 'rf': 0.3096205829096285, 'nn': 0.42258286449949845, 'tabnet': 0.24011218581175928}
[2025-04-28 10:38:51] Accuracy: 0.5379

[2025-04-28 10:38:51] Trial 99:
[2025-04-28 10:38:51] Weights: {'knn': 0.05376036279934291, 'rf': 0.3797724621110677, 'nn': 0.4109247798873467, 'tabnet': 0.1555423952022428}
[2025-04-28 10:38:51] Accuracy: 0.5344

[2025-04-28 10:38:51] 
Best trial:
[2025-04-28 10:38:51] Value: 0.5379
[2025-04-28 10:38:51] Params: {'knn_weight': 0.021006393288372283, 'rf_weight': 0.7074366923771132, 'nn_weight': 0.8635444021568155, 'tabnet_weight': 0.5138485456245853}
